2025/01/18 19:52:52 [notice] 1#1: using the "epoll" event method
2025/01/18 19:52:52 [notice] 1#1: nginx/1.27.3
2025/01/18 19:52:52 [notice] 1#1: built by gcc 12.2.0 (Debian 12.2.0-14) 
2025/01/18 19:52:52 [notice] 1#1: OS: Linux 5.15.0-130-generic
2025/01/18 19:52:52 [notice] 1#1: getrlimit(RLIMIT_NOFILE): 1048576:1048576
2025/01/18 19:52:52 [notice] 1#1: start worker processes
2025/01/18 19:52:52 [notice] 1#1: start worker process 19
2025/01/18 19:52:52 [notice] 1#1: start worker process 20
2025/01/18 19:52:52 [notice] 1#1: start worker process 21
2025/01/18 19:52:52 [notice] 1#1: start worker process 22
2025/01/18 19:53:42 [error] 20#20: *1 connect() failed (113: No route to host) while connecting to upstream, client: 172.18.0.1, server: , request: "GET / HTTP/1.1", upstream: "fastcgi://172.18.0.3:9000", host: "localhost:9090"
2025/01/18 19:55:52 [notice] 1#1: signal 3 (SIGQUIT) received, shutting down
2025/01/18 19:55:52 [notice] 20#20: gracefully shutting down
2025/01/18 19:55:52 [notice] 19#19: gracefully shutting down
2025/01/18 19:55:52 [notice] 20#20: exiting
2025/01/18 19:55:52 [notice] 19#19: exiting
2025/01/18 19:55:52 [notice] 20#20: exit
2025/01/18 19:55:52 [notice] 19#19: exit
2025/01/18 19:55:52 [notice] 22#22: gracefully shutting down
2025/01/18 19:55:52 [notice] 22#22: exiting
2025/01/18 19:55:52 [notice] 22#22: exit
2025/01/18 19:55:52 [notice] 21#21: gracefully shutting down
2025/01/18 19:55:52 [notice] 21#21: exiting
2025/01/18 19:55:52 [notice] 21#21: exit
2025/01/18 19:55:52 [notice] 1#1: signal 17 (SIGCHLD) received from 22
2025/01/18 19:55:52 [notice] 1#1: worker process 19 exited with code 0
2025/01/18 19:55:52 [notice] 1#1: worker process 20 exited with code 0
2025/01/18 19:55:52 [notice] 1#1: worker process 22 exited with code 0
2025/01/18 19:55:52 [notice] 1#1: signal 29 (SIGIO) received
2025/01/18 19:55:52 [notice] 1#1: signal 17 (SIGCHLD) received from 19
2025/01/18 19:55:52 [notice] 1#1: signal 17 (SIGCHLD) received from 21
2025/01/18 19:55:52 [notice] 1#1: worker process 21 exited with code 0
2025/01/18 19:55:52 [notice] 1#1: exit
2025/01/18 21:03:21 [notice] 1#1: using the "epoll" event method
2025/01/18 21:03:21 [notice] 1#1: nginx/1.27.3
2025/01/18 21:03:21 [notice] 1#1: built by gcc 12.2.0 (Debian 12.2.0-14) 
2025/01/18 21:03:21 [notice] 1#1: OS: Linux 5.15.0-130-generic
2025/01/18 21:03:21 [notice] 1#1: getrlimit(RLIMIT_NOFILE): 1048576:1048576
2025/01/18 21:03:21 [notice] 1#1: start worker processes
2025/01/18 21:03:21 [notice] 1#1: start worker process 20
2025/01/18 21:03:21 [notice] 1#1: start worker process 21
2025/01/18 21:03:21 [notice] 1#1: start worker process 22
2025/01/18 21:03:21 [notice] 1#1: start worker process 23
2025/01/18 21:06:22 [error] 20#20: *1 connect() failed (113: No route to host) while connecting to upstream, client: 172.18.0.1, server: , request: "GET / HTTP/1.1", upstream: "fastcgi://172.18.0.4:9000", host: "localhost:9090"
2025/01/18 21:17:10 [notice] 1#1: signal 3 (SIGQUIT) received, shutting down
2025/01/18 21:17:10 [notice] 20#20: gracefully shutting down
2025/01/18 21:17:10 [notice] 23#23: gracefully shutting down
2025/01/18 21:17:10 [notice] 20#20: exiting
2025/01/18 21:17:10 [notice] 23#23: exiting
2025/01/18 21:17:10 [notice] 20#20: exit
2025/01/18 21:17:10 [notice] 23#23: exit
2025/01/18 21:17:10 [notice] 22#22: gracefully shutting down
2025/01/18 21:17:10 [notice] 22#22: exiting
2025/01/18 21:17:10 [notice] 22#22: exit
2025/01/18 21:17:10 [notice] 21#21: gracefully shutting down
2025/01/18 21:17:10 [notice] 21#21: exiting
2025/01/18 21:17:10 [notice] 21#21: exit
2025/01/18 21:17:10 [notice] 1#1: signal 17 (SIGCHLD) received from 23
2025/01/18 21:17:10 [notice] 1#1: worker process 22 exited with code 0
2025/01/18 21:17:10 [notice] 1#1: worker process 23 exited with code 0
2025/01/18 21:17:10 [notice] 1#1: signal 29 (SIGIO) received
2025/01/18 21:17:10 [notice] 1#1: signal 17 (SIGCHLD) received from 21
2025/01/18 21:17:10 [notice] 1#1: worker process 21 exited with code 0
2025/01/18 21:17:10 [notice] 1#1: worker process 20 exited with code 0
2025/01/18 21:17:10 [notice] 1#1: exit
2025/01/18 21:20:02 [notice] 1#1: using the "epoll" event method
2025/01/18 21:20:02 [notice] 1#1: nginx/1.27.3
2025/01/18 21:20:02 [notice] 1#1: built by gcc 12.2.0 (Debian 12.2.0-14) 
2025/01/18 21:20:02 [notice] 1#1: OS: Linux 5.15.0-130-generic
2025/01/18 21:20:02 [notice] 1#1: getrlimit(RLIMIT_NOFILE): 1048576:1048576
2025/01/18 21:20:02 [notice] 1#1: start worker processes
2025/01/18 21:20:02 [notice] 1#1: start worker process 19
2025/01/18 21:20:02 [notice] 1#1: start worker process 20
2025/01/18 21:20:02 [notice] 1#1: start worker process 21
2025/01/18 21:20:02 [notice] 1#1: start worker process 22
2025/01/18 21:20:27 [error] 20#20: *1 connect() failed (113: No route to host) while connecting to upstream, client: 172.18.0.1, server: , request: "GET / HTTP/1.1", upstream: "fastcgi://172.18.0.3:9000", host: "localhost:9090"
2025/01/18 21:26:58 [notice] 1#1: signal 3 (SIGQUIT) received, shutting down
2025/01/18 21:26:58 [notice] 19#19: gracefully shutting down
2025/01/18 21:26:58 [notice] 21#21: gracefully shutting down
2025/01/18 21:26:58 [notice] 21#21: exiting
2025/01/18 21:26:58 [notice] 19#19: exiting
2025/01/18 21:26:58 [notice] 22#22: gracefully shutting down
2025/01/18 21:26:58 [notice] 22#22: exiting
2025/01/18 21:26:58 [notice] 20#20: gracefully shutting down
2025/01/18 21:26:58 [notice] 20#20: exiting
2025/01/18 21:26:58 [notice] 19#19: exit
2025/01/18 21:26:58 [notice] 22#22: exit
2025/01/18 21:26:58 [notice] 21#21: exit
2025/01/18 21:26:58 [notice] 20#20: exit
2025/01/18 21:26:58 [notice] 1#1: signal 17 (SIGCHLD) received from 19
2025/01/18 21:26:58 [notice] 1#1: worker process 19 exited with code 0
2025/01/18 21:26:58 [notice] 1#1: worker process 20 exited with code 0
2025/01/18 21:26:58 [notice] 1#1: worker process 22 exited with code 0
2025/01/18 21:26:58 [notice] 1#1: signal 29 (SIGIO) received
2025/01/18 21:26:58 [notice] 1#1: signal 17 (SIGCHLD) received from 22
2025/01/18 21:26:58 [notice] 1#1: signal 17 (SIGCHLD) received from 21
2025/01/18 21:26:58 [notice] 1#1: worker process 21 exited with code 0
2025/01/18 21:26:58 [notice] 1#1: exit
2025/01/18 21:28:29 [notice] 1#1: using the "epoll" event method
2025/01/18 21:28:29 [notice] 1#1: nginx/1.27.3
2025/01/18 21:28:29 [notice] 1#1: built by gcc 12.2.0 (Debian 12.2.0-14) 
2025/01/18 21:28:29 [notice] 1#1: OS: Linux 5.15.0-130-generic
2025/01/18 21:28:29 [notice] 1#1: getrlimit(RLIMIT_NOFILE): 1048576:1048576
2025/01/18 21:28:29 [notice] 1#1: start worker processes
2025/01/18 21:28:29 [notice] 1#1: start worker process 20
2025/01/18 21:28:29 [notice] 1#1: start worker process 21
2025/01/18 21:28:29 [notice] 1#1: start worker process 22
2025/01/18 21:28:29 [notice] 1#1: start worker process 23
2025/01/18 21:30:00 [error] 20#20: *1 recv() failed (104: Connection reset by peer) while reading response header from upstream, client: 172.18.0.1, server: , request: "GET / HTTP/1.1", upstream: "fastcgi://172.18.0.3:9000", host: "localhost:9090"
2025/01/18 21:30:06 [notice] 1#1: signal 3 (SIGQUIT) received, shutting down
2025/01/18 21:30:06 [notice] 20#20: gracefully shutting down
2025/01/18 21:30:06 [notice] 22#22: gracefully shutting down
2025/01/18 21:30:06 [notice] 22#22: exiting
2025/01/18 21:30:06 [notice] 20#20: exiting
2025/01/18 21:30:06 [notice] 20#20: exit
2025/01/18 21:30:06 [notice] 22#22: exit
2025/01/18 21:30:06 [notice] 21#21: gracefully shutting down
2025/01/18 21:30:06 [notice] 21#21: exiting
2025/01/18 21:30:06 [notice] 21#21: exit
2025/01/18 21:30:06 [notice] 23#23: gracefully shutting down
2025/01/18 21:30:06 [notice] 1#1: signal 17 (SIGCHLD) received from 21
2025/01/18 21:30:06 [notice] 1#1: worker process 20 exited with code 0
2025/01/18 21:30:06 [notice] 1#1: worker process 21 exited with code 0
2025/01/18 21:30:06 [notice] 1#1: signal 29 (SIGIO) received
2025/01/18 21:30:06 [notice] 1#1: signal 17 (SIGCHLD) received from 20
2025/01/18 21:30:06 [notice] 1#1: worker process 22 exited with code 0
2025/01/18 21:30:06 [notice] 1#1: signal 29 (SIGIO) received
2025/01/18 21:30:07 [notice] 23#23: exiting
2025/01/18 21:30:07 [notice] 23#23: exit
2025/01/18 21:30:07 [notice] 1#1: signal 17 (SIGCHLD) received from 23
2025/01/18 21:30:07 [notice] 1#1: worker process 23 exited with code 0
2025/01/18 21:30:07 [notice] 1#1: exit
2025/01/18 21:33:49 [notice] 1#1: using the "epoll" event method
2025/01/18 21:33:49 [notice] 1#1: nginx/1.27.3
2025/01/18 21:33:49 [notice] 1#1: built by gcc 12.2.0 (Debian 12.2.0-14) 
2025/01/18 21:33:49 [notice] 1#1: OS: Linux 5.15.0-130-generic
2025/01/18 21:33:49 [notice] 1#1: getrlimit(RLIMIT_NOFILE): 1048576:1048576
2025/01/18 21:33:49 [notice] 1#1: start worker processes
2025/01/18 21:33:49 [notice] 1#1: start worker process 20
2025/01/18 21:33:49 [notice] 1#1: start worker process 21
2025/01/18 21:33:49 [notice] 1#1: start worker process 22
2025/01/18 21:33:49 [notice] 1#1: start worker process 23
2025/01/18 21:39:20 [notice] 1#1: signal 3 (SIGQUIT) received, shutting down
2025/01/18 21:39:20 [notice] 21#21: gracefully shutting down
2025/01/18 21:39:20 [notice] 20#20: gracefully shutting down
2025/01/18 21:39:20 [notice] 20#20: exiting
2025/01/18 21:39:20 [notice] 21#21: exiting
2025/01/18 21:39:20 [notice] 21#21: exit
2025/01/18 21:39:20 [notice] 20#20: exit
2025/01/18 21:39:20 [notice] 22#22: gracefully shutting down
2025/01/18 21:39:20 [notice] 22#22: exiting
2025/01/18 21:39:20 [notice] 22#22: exit
2025/01/18 21:39:20 [notice] 23#23: gracefully shutting down
2025/01/18 21:39:20 [notice] 23#23: exiting
2025/01/18 21:39:20 [notice] 23#23: exit
2025/01/18 21:39:21 [notice] 1#1: signal 17 (SIGCHLD) received from 20
2025/01/18 21:39:21 [notice] 1#1: worker process 20 exited with code 0
2025/01/18 21:39:21 [notice] 1#1: signal 29 (SIGIO) received
2025/01/18 21:39:21 [notice] 1#1: signal 17 (SIGCHLD) received from 22
2025/01/18 21:39:21 [notice] 1#1: worker process 22 exited with code 0
2025/01/18 21:39:21 [notice] 1#1: worker process 23 exited with code 0
2025/01/18 21:39:21 [notice] 1#1: worker process 21 exited with code 0
2025/01/18 21:39:21 [notice] 1#1: exit
2025/01/21 17:18:58 [notice] 1#1: using the "epoll" event method
2025/01/21 17:18:58 [notice] 1#1: nginx/1.27.3
2025/01/21 17:18:58 [notice] 1#1: built by gcc 12.2.0 (Debian 12.2.0-14) 
2025/01/21 17:18:58 [notice] 1#1: OS: Linux 5.15.0-130-generic
2025/01/21 17:18:58 [notice] 1#1: getrlimit(RLIMIT_NOFILE): 1048576:1048576
2025/01/21 17:18:58 [notice] 1#1: start worker processes
2025/01/21 17:18:58 [notice] 1#1: start worker process 20
2025/01/21 17:18:58 [notice] 1#1: start worker process 21
2025/01/21 17:18:58 [notice] 1#1: start worker process 22
2025/01/21 17:18:58 [notice] 1#1: start worker process 23
2025/01/21 20:51:27 [notice] 1#1: signal 3 (SIGQUIT) received, shutting down
2025/01/21 20:51:27 [notice] 21#21: gracefully shutting down
2025/01/21 20:51:27 [notice] 23#23: gracefully shutting down
2025/01/21 20:51:27 [notice] 20#20: gracefully shutting down
2025/01/21 20:51:27 [notice] 23#23: exiting
2025/01/21 20:51:27 [notice] 21#21: exiting
2025/01/21 20:51:27 [notice] 20#20: exiting
2025/01/21 20:51:27 [notice] 22#22: gracefully shutting down
2025/01/21 20:51:27 [notice] 22#22: exiting
2025/01/21 20:51:27 [notice] 22#22: exit
2025/01/21 20:51:27 [notice] 21#21: exit
2025/01/21 20:51:27 [notice] 20#20: exit
2025/01/21 20:51:27 [notice] 23#23: exit
2025/01/21 20:51:28 [notice] 1#1: signal 17 (SIGCHLD) received from 23
2025/01/21 20:51:28 [notice] 1#1: worker process 23 exited with code 0
2025/01/21 20:51:28 [notice] 1#1: worker process 20 exited with code 0
2025/01/21 20:51:28 [notice] 1#1: worker process 21 exited with code 0
2025/01/21 20:51:28 [notice] 1#1: signal 29 (SIGIO) received
2025/01/21 20:51:28 [notice] 1#1: signal 17 (SIGCHLD) received from 21
2025/01/21 20:51:28 [notice] 1#1: signal 17 (SIGCHLD) received from 22
2025/01/21 20:51:28 [notice] 1#1: worker process 22 exited with code 0
2025/01/21 20:51:28 [notice] 1#1: exit
2025/01/22 17:01:18 [notice] 1#1: using the "epoll" event method
2025/01/22 17:01:18 [notice] 1#1: nginx/1.27.3
2025/01/22 17:01:18 [notice] 1#1: built by gcc 12.2.0 (Debian 12.2.0-14) 
2025/01/22 17:01:18 [notice] 1#1: OS: Linux 5.15.0-130-generic
2025/01/22 17:01:18 [notice] 1#1: getrlimit(RLIMIT_NOFILE): 1048576:1048576
2025/01/22 17:01:18 [notice] 1#1: start worker processes
2025/01/22 17:01:18 [notice] 1#1: start worker process 19
2025/01/22 17:01:18 [notice] 1#1: start worker process 20
2025/01/22 17:01:18 [notice] 1#1: start worker process 21
2025/01/22 17:01:18 [notice] 1#1: start worker process 22
2025/01/22 20:29:58 [notice] 1#1: signal 3 (SIGQUIT) received, shutting down
2025/01/22 20:29:58 [notice] 20#20: gracefully shutting down
2025/01/22 20:29:58 [notice] 19#19: gracefully shutting down
2025/01/22 20:29:58 [notice] 21#21: gracefully shutting down
2025/01/22 20:29:58 [notice] 20#20: exiting
2025/01/22 20:29:58 [notice] 19#19: exiting
2025/01/22 20:29:58 [notice] 21#21: exiting
2025/01/22 20:29:58 [notice] 22#22: gracefully shutting down
2025/01/22 20:29:58 [notice] 22#22: exiting
2025/01/22 20:29:58 [notice] 22#22: exit
2025/01/22 20:29:58 [notice] 19#19: exit
2025/01/22 20:29:58 [notice] 21#21: exit
2025/01/22 20:29:58 [notice] 20#20: exit
2025/01/22 20:29:58 [notice] 1#1: signal 17 (SIGCHLD) received from 22
2025/01/22 20:29:58 [notice] 1#1: worker process 22 exited with code 0
2025/01/22 20:29:58 [notice] 1#1: signal 29 (SIGIO) received
2025/01/22 20:29:58 [notice] 1#1: signal 17 (SIGCHLD) received from 19
2025/01/22 20:29:58 [notice] 1#1: worker process 19 exited with code 0
2025/01/22 20:29:58 [notice] 1#1: signal 29 (SIGIO) received
2025/01/22 20:29:58 [notice] 1#1: signal 17 (SIGCHLD) received from 20
2025/01/22 20:29:58 [notice] 1#1: worker process 20 exited with code 0
2025/01/22 20:29:58 [notice] 1#1: signal 29 (SIGIO) received
2025/01/22 20:29:58 [notice] 1#1: signal 17 (SIGCHLD) received from 21
2025/01/22 20:29:58 [notice] 1#1: worker process 21 exited with code 0
2025/01/22 20:29:58 [notice] 1#1: exit
2025/01/23 17:42:16 [notice] 1#1: using the "epoll" event method
2025/01/23 17:42:16 [notice] 1#1: nginx/1.27.3
2025/01/23 17:42:16 [notice] 1#1: built by gcc 12.2.0 (Debian 12.2.0-14) 
2025/01/23 17:42:16 [notice] 1#1: OS: Linux 5.15.0-130-generic
2025/01/23 17:42:16 [notice] 1#1: getrlimit(RLIMIT_NOFILE): 1048576:1048576
2025/01/23 17:42:16 [notice] 1#1: start worker processes
2025/01/23 17:42:16 [notice] 1#1: start worker process 20
2025/01/23 17:42:16 [notice] 1#1: start worker process 21
2025/01/23 17:42:16 [notice] 1#1: start worker process 22
2025/01/23 17:42:16 [notice] 1#1: start worker process 23
2025/01/23 20:41:01 [notice] 1#1: signal 3 (SIGQUIT) received, shutting down
2025/01/23 20:41:01 [notice] 22#22: gracefully shutting down
2025/01/23 20:41:01 [notice] 20#20: gracefully shutting down
2025/01/23 20:41:01 [notice] 22#22: exiting
2025/01/23 20:41:01 [notice] 23#23: gracefully shutting down
2025/01/23 20:41:01 [notice] 20#20: exiting
2025/01/23 20:41:01 [notice] 23#23: exiting
2025/01/23 20:41:01 [notice] 21#21: gracefully shutting down
2025/01/23 20:41:01 [notice] 21#21: exiting
2025/01/23 20:41:01 [notice] 20#20: exit
2025/01/23 20:41:01 [notice] 21#21: exit
2025/01/23 20:41:01 [notice] 23#23: exit
2025/01/23 20:41:01 [notice] 22#22: exit
2025/01/23 20:41:01 [notice] 1#1: signal 17 (SIGCHLD) received from 23
2025/01/23 20:41:01 [notice] 1#1: worker process 23 exited with code 0
2025/01/23 20:41:01 [notice] 1#1: worker process 20 exited with code 0
2025/01/23 20:41:01 [notice] 1#1: worker process 21 exited with code 0
2025/01/23 20:41:01 [notice] 1#1: signal 29 (SIGIO) received
2025/01/23 20:41:01 [notice] 1#1: signal 17 (SIGCHLD) received from 21
2025/01/23 20:41:01 [notice] 1#1: signal 17 (SIGCHLD) received from 22
2025/01/23 20:41:01 [notice] 1#1: worker process 22 exited with code 0
2025/01/23 20:41:01 [notice] 1#1: exit
2025/01/29 12:49:05 [notice] 1#1: using the "epoll" event method
2025/01/29 12:49:05 [notice] 1#1: nginx/1.27.3
2025/01/29 12:49:05 [notice] 1#1: built by gcc 12.2.0 (Debian 12.2.0-14) 
2025/01/29 12:49:05 [notice] 1#1: OS: Linux 5.15.0-131-generic
2025/01/29 12:49:05 [notice] 1#1: getrlimit(RLIMIT_NOFILE): 1048576:1048576
2025/01/29 12:49:05 [notice] 1#1: start worker processes
2025/01/29 12:49:05 [notice] 1#1: start worker process 20
2025/01/29 12:49:05 [notice] 1#1: start worker process 21
2025/01/29 12:49:05 [notice] 1#1: start worker process 22
2025/01/29 12:49:05 [notice] 1#1: start worker process 23
2025/01/29 13:35:15 [notice] 1#1: using the "epoll" event method
2025/01/29 13:35:15 [notice] 1#1: nginx/1.27.3
2025/01/29 13:35:15 [notice] 1#1: built by gcc 12.2.0 (Debian 12.2.0-14) 
2025/01/29 13:35:15 [notice] 1#1: OS: Linux 5.15.0-131-generic
2025/01/29 13:35:15 [notice] 1#1: getrlimit(RLIMIT_NOFILE): 1048576:1048576
2025/01/29 13:35:15 [notice] 1#1: start worker processes
2025/01/29 13:35:15 [notice] 1#1: start worker process 20
2025/01/29 13:35:15 [notice] 1#1: start worker process 21
2025/01/29 13:35:15 [notice] 1#1: start worker process 22
2025/01/29 13:35:15 [notice] 1#1: start worker process 23
2025/01/29 20:16:57 [notice] 1#1: signal 3 (SIGQUIT) received, shutting down
2025/01/29 20:16:57 [notice] 20#20: gracefully shutting down
2025/01/29 20:16:57 [notice] 22#22: gracefully shutting down
2025/01/29 20:16:57 [notice] 23#23: gracefully shutting down
2025/01/29 20:16:57 [notice] 21#21: gracefully shutting down
2025/01/29 20:16:57 [notice] 23#23: exiting
2025/01/29 20:16:57 [notice] 20#20: exiting
2025/01/29 20:16:57 [notice] 21#21: exiting
2025/01/29 20:16:57 [notice] 22#22: exiting
2025/01/29 20:16:57 [notice] 21#21: exit
2025/01/29 20:16:57 [notice] 23#23: exit
2025/01/29 20:16:57 [notice] 22#22: exit
2025/01/29 20:16:57 [notice] 20#20: exit
2025/01/29 20:17:00 [notice] 1#1: signal 17 (SIGCHLD) received from 23
2025/01/29 20:17:00 [notice] 1#1: worker process 20 exited with code 0
2025/01/29 20:17:00 [notice] 1#1: worker process 23 exited with code 0
2025/01/29 20:17:00 [notice] 1#1: signal 29 (SIGIO) received
2025/01/29 20:17:00 [notice] 1#1: signal 17 (SIGCHLD) received from 20
2025/01/29 20:17:00 [notice] 1#1: worker process 21 exited with code 0
2025/01/29 20:17:00 [notice] 1#1: worker process 22 exited with code 0
2025/01/29 20:17:00 [notice] 1#1: exit
2025/02/01 11:33:18 [notice] 1#1: using the "epoll" event method
2025/02/01 11:33:18 [notice] 1#1: nginx/1.27.3
2025/02/01 11:33:18 [notice] 1#1: built by gcc 12.2.0 (Debian 12.2.0-14) 
2025/02/01 11:33:18 [notice] 1#1: OS: Linux 5.15.0-131-generic
2025/02/01 11:33:18 [notice] 1#1: getrlimit(RLIMIT_NOFILE): 1048576:1048576
2025/02/01 11:33:18 [notice] 1#1: start worker processes
2025/02/01 11:33:18 [notice] 1#1: start worker process 20
2025/02/01 11:33:18 [notice] 1#1: start worker process 21
2025/02/01 11:33:18 [notice] 1#1: start worker process 22
2025/02/01 11:33:18 [notice] 1#1: start worker process 23
2025/02/01 17:10:16 [notice] 1#1: signal 3 (SIGQUIT) received, shutting down
2025/02/01 17:10:16 [notice] 20#20: gracefully shutting down
2025/02/01 17:10:16 [notice] 21#21: gracefully shutting down
2025/02/01 17:10:16 [notice] 21#21: exiting
2025/02/01 17:10:16 [notice] 20#20: exiting
2025/02/01 17:10:16 [notice] 23#23: gracefully shutting down
2025/02/01 17:10:16 [notice] 23#23: exiting
2025/02/01 17:10:16 [notice] 21#21: exit
2025/02/01 17:10:16 [notice] 20#20: exit
2025/02/01 17:10:16 [notice] 23#23: exit
2025/02/01 17:10:16 [notice] 22#22: gracefully shutting down
2025/02/01 17:10:16 [notice] 22#22: exiting
2025/02/01 17:10:16 [notice] 22#22: exit
2025/02/01 17:10:17 [notice] 1#1: signal 17 (SIGCHLD) received from 21
2025/02/01 17:10:17 [notice] 1#1: worker process 20 exited with code 0
2025/02/01 17:10:17 [notice] 1#1: worker process 21 exited with code 0
2025/02/01 17:10:17 [notice] 1#1: worker process 22 exited with code 0
2025/02/01 17:10:17 [notice] 1#1: signal 29 (SIGIO) received
2025/02/01 17:10:17 [notice] 1#1: signal 17 (SIGCHLD) received from 22
2025/02/01 17:10:17 [notice] 1#1: signal 17 (SIGCHLD) received from 23
2025/02/01 17:10:17 [notice] 1#1: worker process 23 exited with code 0
2025/02/01 17:10:17 [notice] 1#1: exit
2025/02/01 17:13:52 [notice] 1#1: using the "epoll" event method
2025/02/01 17:13:52 [notice] 1#1: nginx/1.27.3
2025/02/01 17:13:52 [notice] 1#1: built by gcc 12.2.0 (Debian 12.2.0-14) 
2025/02/01 17:13:52 [notice] 1#1: OS: Linux 5.15.0-131-generic
2025/02/01 17:13:52 [notice] 1#1: getrlimit(RLIMIT_NOFILE): 1048576:1048576
2025/02/01 17:13:52 [notice] 1#1: start worker processes
2025/02/01 17:13:52 [notice] 1#1: start worker process 19
2025/02/01 17:13:52 [notice] 1#1: start worker process 20
2025/02/01 17:13:52 [notice] 1#1: start worker process 21
2025/02/01 17:13:52 [notice] 1#1: start worker process 22
2025/02/01 17:20:45 [notice] 1#1: signal 3 (SIGQUIT) received, shutting down
2025/02/01 17:20:45 [notice] 20#20: gracefully shutting down
2025/02/01 17:20:45 [notice] 22#22: gracefully shutting down
2025/02/01 17:20:45 [notice] 20#20: exiting
2025/02/01 17:20:45 [notice] 22#22: exiting
2025/02/01 17:20:45 [notice] 19#19: gracefully shutting down
2025/02/01 17:20:45 [notice] 19#19: exiting
2025/02/01 17:20:45 [notice] 21#21: gracefully shutting down
2025/02/01 17:20:45 [notice] 21#21: exiting
2025/02/01 17:20:45 [notice] 22#22: exit
2025/02/01 17:20:45 [notice] 20#20: exit
2025/02/01 17:20:45 [notice] 19#19: exit
2025/02/01 17:20:45 [notice] 21#21: exit
2025/02/01 17:20:45 [notice] 1#1: signal 17 (SIGCHLD) received from 21
2025/02/01 17:20:45 [notice] 1#1: worker process 20 exited with code 0
2025/02/01 17:20:45 [notice] 1#1: worker process 21 exited with code 0
2025/02/01 17:20:45 [notice] 1#1: worker process 22 exited with code 0
2025/02/01 17:20:45 [notice] 1#1: signal 29 (SIGIO) received
2025/02/01 17:20:45 [notice] 1#1: signal 17 (SIGCHLD) received from 19
2025/02/01 17:20:45 [notice] 1#1: worker process 19 exited with code 0
2025/02/01 17:20:45 [notice] 1#1: exit
2025/02/01 17:21:01 [notice] 1#1: using the "epoll" event method
2025/02/01 17:21:01 [notice] 1#1: nginx/1.27.3
2025/02/01 17:21:01 [notice] 1#1: built by gcc 12.2.0 (Debian 12.2.0-14) 
2025/02/01 17:21:01 [notice] 1#1: OS: Linux 5.15.0-131-generic
2025/02/01 17:21:01 [notice] 1#1: getrlimit(RLIMIT_NOFILE): 1048576:1048576
2025/02/01 17:21:01 [notice] 1#1: start worker processes
2025/02/01 17:21:01 [notice] 1#1: start worker process 20
2025/02/01 17:21:01 [notice] 1#1: start worker process 21
2025/02/01 17:21:01 [notice] 1#1: start worker process 22
2025/02/01 17:21:01 [notice] 1#1: start worker process 23
2025/02/01 17:37:55 [notice] 1#1: signal 3 (SIGQUIT) received, shutting down
2025/02/01 17:37:55 [notice] 21#21: gracefully shutting down
2025/02/01 17:37:55 [notice] 22#22: gracefully shutting down
2025/02/01 17:37:55 [notice] 20#20: gracefully shutting down
2025/02/01 17:37:55 [notice] 21#21: exiting
2025/02/01 17:37:55 [notice] 22#22: exiting
2025/02/01 17:37:55 [notice] 23#23: gracefully shutting down
2025/02/01 17:37:55 [notice] 20#20: exiting
2025/02/01 17:37:55 [notice] 23#23: exiting
2025/02/01 17:37:55 [notice] 20#20: exit
2025/02/01 17:37:55 [notice] 23#23: exit
2025/02/01 17:37:55 [notice] 22#22: exit
2025/02/01 17:37:55 [notice] 21#21: exit
2025/02/01 17:37:55 [notice] 1#1: signal 17 (SIGCHLD) received from 22
2025/02/01 17:37:55 [notice] 1#1: worker process 22 exited with code 0
2025/02/01 17:37:55 [notice] 1#1: signal 29 (SIGIO) received
2025/02/01 17:37:55 [notice] 1#1: signal 17 (SIGCHLD) received from 20
2025/02/01 17:37:55 [notice] 1#1: worker process 20 exited with code 0
2025/02/01 17:37:55 [notice] 1#1: worker process 23 exited with code 0
2025/02/01 17:37:55 [notice] 1#1: signal 29 (SIGIO) received
2025/02/01 17:37:55 [notice] 1#1: signal 17 (SIGCHLD) received from 21
2025/02/01 17:37:55 [notice] 1#1: worker process 21 exited with code 0
2025/02/01 17:37:55 [notice] 1#1: exit
2025/02/01 17:38:11 [notice] 1#1: using the "epoll" event method
2025/02/01 17:38:11 [notice] 1#1: nginx/1.27.3
2025/02/01 17:38:11 [notice] 1#1: built by gcc 12.2.0 (Debian 12.2.0-14) 
2025/02/01 17:38:11 [notice] 1#1: OS: Linux 5.15.0-131-generic
2025/02/01 17:38:11 [notice] 1#1: getrlimit(RLIMIT_NOFILE): 1048576:1048576
2025/02/01 17:38:11 [notice] 1#1: start worker processes
2025/02/01 17:38:11 [notice] 1#1: start worker process 20
2025/02/01 17:38:11 [notice] 1#1: start worker process 21
2025/02/01 17:38:11 [notice] 1#1: start worker process 22
2025/02/01 17:38:11 [notice] 1#1: start worker process 23
2025/02/01 18:28:56 [error] 21#21: *8 upstream timed out (110: Connection timed out) while reading response header from upstream, client: 172.18.0.1, server: , request: "GET / HTTP/1.1", upstream: "fastcgi://172.18.0.4:9000", host: "localhost:9090"
2025/02/01 18:34:12 [error] 23#23: *22 upstream timed out (110: Connection timed out) while reading response header from upstream, client: 172.18.0.1, server: , request: "GET / HTTP/1.1", upstream: "fastcgi://172.18.0.4:9000", host: "localhost:9090"
2025/02/01 18:38:07 [error] 21#21: *26 upstream timed out (110: Connection timed out) while reading response header from upstream, client: 172.18.0.1, server: , request: "GET /category/index HTTP/1.1", upstream: "fastcgi://172.18.0.4:9000", host: "localhost:9090"
2025/02/01 19:20:22 [error] 21#21: *37 upstream timed out (110: Connection timed out) while reading response header from upstream, client: 172.18.0.1, server: , request: "GET / HTTP/1.1", upstream: "fastcgi://172.18.0.4:9000", host: "localhost:9090"
2025/02/01 19:43:41 [error] 23#23: *56 upstream timed out (110: Connection timed out) while reading response header from upstream, client: 172.18.0.1, server: , request: "GET / HTTP/1.1", upstream: "fastcgi://172.18.0.4:9000", host: "localhost:9090"
2025/02/01 19:52:07 [notice] 1#1: signal 3 (SIGQUIT) received, shutting down
2025/02/01 19:52:07 [notice] 20#20: gracefully shutting down
2025/02/01 19:52:07 [notice] 20#20: exiting
2025/02/01 19:52:07 [notice] 22#22: gracefully shutting down
2025/02/01 19:52:07 [notice] 23#23: gracefully shutting down
2025/02/01 19:52:07 [notice] 23#23: exiting
2025/02/01 19:52:07 [notice] 21#21: gracefully shutting down
2025/02/01 19:52:07 [notice] 21#21: exiting
2025/02/01 19:52:07 [notice] 23#23: exit
2025/02/01 19:52:07 [notice] 20#20: exit
2025/02/01 19:52:07 [notice] 21#21: exit
2025/02/01 19:52:07 [notice] 22#22: exiting
2025/02/01 19:52:07 [notice] 22#22: exit
2025/02/01 19:52:07 [notice] 1#1: signal 17 (SIGCHLD) received from 20
2025/02/01 19:52:07 [notice] 1#1: worker process 20 exited with code 0
2025/02/01 19:52:07 [notice] 1#1: signal 29 (SIGIO) received
2025/02/01 19:52:07 [notice] 1#1: signal 17 (SIGCHLD) received from 22
2025/02/01 19:52:07 [notice] 1#1: worker process 21 exited with code 0
2025/02/01 19:52:07 [notice] 1#1: worker process 22 exited with code 0
2025/02/01 19:52:07 [notice] 1#1: worker process 23 exited with code 0
2025/02/01 19:52:07 [notice] 1#1: exit
2025/02/01 19:52:27 [notice] 1#1: using the "epoll" event method
2025/02/01 19:52:27 [notice] 1#1: nginx/1.27.3
2025/02/01 19:52:27 [notice] 1#1: built by gcc 12.2.0 (Debian 12.2.0-14) 
2025/02/01 19:52:27 [notice] 1#1: OS: Linux 5.15.0-131-generic
2025/02/01 19:52:27 [notice] 1#1: getrlimit(RLIMIT_NOFILE): 1048576:1048576
2025/02/01 19:52:27 [notice] 1#1: start worker processes
2025/02/01 19:52:27 [notice] 1#1: start worker process 20
2025/02/01 19:52:27 [notice] 1#1: start worker process 21
2025/02/01 19:52:27 [notice] 1#1: start worker process 22
2025/02/01 19:52:27 [notice] 1#1: start worker process 23
2025/02/01 19:59:48 [notice] 1#1: signal 3 (SIGQUIT) received, shutting down
2025/02/01 19:59:48 [notice] 20#20: gracefully shutting down
2025/02/01 19:59:48 [notice] 23#23: gracefully shutting down
2025/02/01 19:59:48 [notice] 20#20: exiting
2025/02/01 19:59:48 [notice] 21#21: gracefully shutting down
2025/02/01 19:59:48 [notice] 23#23: exiting
2025/02/01 19:59:48 [notice] 21#21: exiting
2025/02/01 19:59:48 [notice] 20#20: exit
2025/02/01 19:59:48 [notice] 23#23: exit
2025/02/01 19:59:48 [notice] 21#21: exit
2025/02/01 19:59:48 [notice] 22#22: gracefully shutting down
2025/02/01 19:59:48 [notice] 22#22: exiting
2025/02/01 19:59:48 [notice] 22#22: exit
2025/02/01 19:59:48 [notice] 1#1: signal 17 (SIGCHLD) received from 23
2025/02/01 19:59:48 [notice] 1#1: worker process 23 exited with code 0
2025/02/01 19:59:48 [notice] 1#1: signal 29 (SIGIO) received
2025/02/01 19:59:48 [notice] 1#1: signal 17 (SIGCHLD) received from 20
2025/02/01 19:59:48 [notice] 1#1: worker process 20 exited with code 0
2025/02/01 19:59:48 [notice] 1#1: signal 29 (SIGIO) received
2025/02/01 19:59:48 [notice] 1#1: signal 17 (SIGCHLD) received from 22
2025/02/01 19:59:48 [notice] 1#1: worker process 22 exited with code 0
2025/02/01 19:59:48 [notice] 1#1: signal 29 (SIGIO) received
2025/02/01 19:59:48 [notice] 1#1: signal 17 (SIGCHLD) received from 21
2025/02/01 19:59:48 [notice] 1#1: worker process 21 exited with code 0
2025/02/01 19:59:48 [notice] 1#1: exit
2025/02/01 20:00:07 [notice] 1#1: using the "epoll" event method
2025/02/01 20:00:07 [notice] 1#1: nginx/1.27.3
2025/02/01 20:00:07 [notice] 1#1: built by gcc 12.2.0 (Debian 12.2.0-14) 
2025/02/01 20:00:07 [notice] 1#1: OS: Linux 5.15.0-131-generic
2025/02/01 20:00:07 [notice] 1#1: getrlimit(RLIMIT_NOFILE): 1048576:1048576
2025/02/01 20:00:07 [notice] 1#1: start worker processes
2025/02/01 20:00:07 [notice] 1#1: start worker process 20
2025/02/01 20:00:07 [notice] 1#1: start worker process 21
2025/02/01 20:00:07 [notice] 1#1: start worker process 22
2025/02/01 20:00:07 [notice] 1#1: start worker process 23
2025/02/01 20:05:08 [error] 20#20: *1 upstream timed out (110: Connection timed out) while reading response header from upstream, client: 172.18.0.1, server: , request: "GET / HTTP/1.1", upstream: "fastcgi://172.18.0.4:9000", host: "localhost:9090"
2025/02/01 20:10:20 [notice] 1#1: signal 3 (SIGQUIT) received, shutting down
2025/02/01 20:10:20 [notice] 21#21: gracefully shutting down
2025/02/01 20:10:20 [notice] 21#21: exiting
2025/02/01 20:10:20 [notice] 23#23: gracefully shutting down
2025/02/01 20:10:20 [notice] 23#23: exiting
2025/02/01 20:10:20 [notice] 21#21: exit
2025/02/01 20:10:20 [notice] 20#20: gracefully shutting down
2025/02/01 20:10:20 [notice] 20#20: exiting
2025/02/01 20:10:20 [notice] 23#23: exit
2025/02/01 20:10:20 [notice] 20#20: exit
2025/02/01 20:10:20 [notice] 22#22: gracefully shutting down
2025/02/01 20:10:20 [notice] 22#22: exiting
2025/02/01 20:10:20 [notice] 22#22: exit
2025/02/01 20:10:20 [notice] 1#1: signal 17 (SIGCHLD) received from 21
2025/02/01 20:10:20 [notice] 1#1: worker process 21 exited with code 0
2025/02/01 20:10:20 [notice] 1#1: worker process 20 exited with code 0
2025/02/01 20:10:20 [notice] 1#1: worker process 23 exited with code 0
2025/02/01 20:10:20 [notice] 1#1: signal 29 (SIGIO) received
2025/02/01 20:10:20 [notice] 1#1: signal 17 (SIGCHLD) received from 20
2025/02/01 20:10:20 [notice] 1#1: signal 17 (SIGCHLD) received from 22
2025/02/01 20:10:20 [notice] 1#1: worker process 22 exited with code 0
2025/02/01 20:10:20 [notice] 1#1: exit
2025/02/01 20:10:39 [notice] 1#1: using the "epoll" event method
2025/02/01 20:10:39 [notice] 1#1: nginx/1.27.3
2025/02/01 20:10:39 [notice] 1#1: built by gcc 12.2.0 (Debian 12.2.0-14) 
2025/02/01 20:10:39 [notice] 1#1: OS: Linux 5.15.0-131-generic
2025/02/01 20:10:39 [notice] 1#1: getrlimit(RLIMIT_NOFILE): 1048576:1048576
2025/02/01 20:10:39 [notice] 1#1: start worker processes
2025/02/01 20:10:39 [notice] 1#1: start worker process 19
2025/02/01 20:10:39 [notice] 1#1: start worker process 20
2025/02/01 20:10:39 [notice] 1#1: start worker process 21
2025/02/01 20:10:39 [notice] 1#1: start worker process 22
2025/02/01 20:17:14 [error] 21#21: *7 upstream timed out (110: Connection timed out) while reading response header from upstream, client: 172.18.0.1, server: , request: "GET / HTTP/1.1", upstream: "fastcgi://172.18.0.4:9000", host: "localhost:9090"
2025/02/01 20:27:23 [notice] 1#1: signal 3 (SIGQUIT) received, shutting down
2025/02/01 20:27:23 [notice] 21#21: gracefully shutting down
2025/02/01 20:27:23 [notice] 20#20: gracefully shutting down
2025/02/01 20:27:23 [notice] 19#19: gracefully shutting down
2025/02/01 20:27:23 [notice] 21#21: exiting
2025/02/01 20:27:23 [notice] 20#20: exiting
2025/02/01 20:27:23 [notice] 19#19: exiting
2025/02/01 20:27:23 [notice] 21#21: exit
2025/02/01 20:27:23 [notice] 20#20: exit
2025/02/01 20:27:23 [notice] 19#19: exit
2025/02/01 20:27:23 [notice] 22#22: gracefully shutting down
2025/02/01 20:27:23 [notice] 22#22: exiting
2025/02/01 20:27:23 [notice] 22#22: exit
2025/02/01 20:27:23 [notice] 1#1: signal 17 (SIGCHLD) received from 21
2025/02/01 20:27:23 [notice] 1#1: worker process 20 exited with code 0
2025/02/01 20:27:23 [notice] 1#1: worker process 21 exited with code 0
2025/02/01 20:27:23 [notice] 1#1: signal 29 (SIGIO) received
2025/02/01 20:27:23 [notice] 1#1: signal 17 (SIGCHLD) received from 19
2025/02/01 20:27:23 [notice] 1#1: worker process 19 exited with code 0
2025/02/01 20:27:23 [notice] 1#1: signal 29 (SIGIO) received
2025/02/01 20:27:23 [notice] 1#1: signal 17 (SIGCHLD) received from 22
2025/02/01 20:27:23 [notice] 1#1: worker process 22 exited with code 0
2025/02/01 20:27:23 [notice] 1#1: exit
2025/02/01 20:27:38 [notice] 1#1: using the "epoll" event method
2025/02/01 20:27:38 [notice] 1#1: nginx/1.27.3
2025/02/01 20:27:38 [notice] 1#1: built by gcc 12.2.0 (Debian 12.2.0-14) 
2025/02/01 20:27:38 [notice] 1#1: OS: Linux 5.15.0-131-generic
2025/02/01 20:27:38 [notice] 1#1: getrlimit(RLIMIT_NOFILE): 1048576:1048576
2025/02/01 20:27:38 [notice] 1#1: start worker processes
2025/02/01 20:27:38 [notice] 1#1: start worker process 20
2025/02/01 20:27:38 [notice] 1#1: start worker process 21
2025/02/01 20:27:38 [notice] 1#1: start worker process 22
2025/02/01 20:27:38 [notice] 1#1: start worker process 23
2025/02/01 20:28:44 [error] 21#21: *1 upstream timed out (110: Connection timed out) while reading response header from upstream, client: 172.18.0.1, server: , request: "GET / HTTP/1.1", upstream: "fastcgi://172.18.0.4:9000", host: "localhost:9090"
2025/02/01 20:32:58 [notice] 1#1: signal 3 (SIGQUIT) received, shutting down
2025/02/01 20:32:58 [notice] 21#21: gracefully shutting down
2025/02/01 20:32:58 [notice] 20#20: gracefully shutting down
2025/02/01 20:32:58 [notice] 21#21: exiting
2025/02/01 20:32:58 [notice] 20#20: exiting
2025/02/01 20:32:58 [notice] 22#22: gracefully shutting down
2025/02/01 20:32:58 [notice] 22#22: exiting
2025/02/01 20:32:58 [notice] 23#23: gracefully shutting down
2025/02/01 20:32:58 [notice] 23#23: exiting
2025/02/01 20:32:58 [notice] 20#20: exit
2025/02/01 20:32:58 [notice] 22#22: exit
2025/02/01 20:32:58 [notice] 23#23: exit
2025/02/01 20:32:58 [notice] 21#21: exit
2025/02/01 20:32:58 [notice] 1#1: signal 17 (SIGCHLD) received from 21
2025/02/01 20:32:58 [notice] 1#1: worker process 21 exited with code 0
2025/02/01 20:32:58 [notice] 1#1: signal 29 (SIGIO) received
2025/02/01 20:32:58 [notice] 1#1: signal 17 (SIGCHLD) received from 23
2025/02/01 20:32:58 [notice] 1#1: worker process 23 exited with code 0
2025/02/01 20:32:58 [notice] 1#1: signal 29 (SIGIO) received
2025/02/01 20:32:58 [notice] 1#1: signal 17 (SIGCHLD) received from 20
2025/02/01 20:32:58 [notice] 1#1: worker process 20 exited with code 0
2025/02/01 20:32:58 [notice] 1#1: signal 29 (SIGIO) received
2025/02/01 20:32:58 [notice] 1#1: signal 17 (SIGCHLD) received from 22
2025/02/01 20:32:58 [notice] 1#1: worker process 22 exited with code 0
2025/02/01 20:32:58 [notice] 1#1: exit
2025/02/01 20:33:16 [notice] 1#1: using the "epoll" event method
2025/02/01 20:33:16 [notice] 1#1: nginx/1.27.3
2025/02/01 20:33:16 [notice] 1#1: built by gcc 12.2.0 (Debian 12.2.0-14) 
2025/02/01 20:33:16 [notice] 1#1: OS: Linux 5.15.0-131-generic
2025/02/01 20:33:16 [notice] 1#1: getrlimit(RLIMIT_NOFILE): 1048576:1048576
2025/02/01 20:33:16 [notice] 1#1: start worker processes
2025/02/01 20:33:16 [notice] 1#1: start worker process 20
2025/02/01 20:33:16 [notice] 1#1: start worker process 21
2025/02/01 20:33:16 [notice] 1#1: start worker process 22
2025/02/01 20:33:16 [notice] 1#1: start worker process 23
2025/02/01 20:36:59 [error] 20#20: *1 upstream timed out (110: Connection timed out) while reading response header from upstream, client: 172.18.0.1, server: , request: "GET /category/index HTTP/1.1", upstream: "fastcgi://172.18.0.4:9000", host: "localhost:9090"
2025/02/01 20:45:02 [error] 22#22: *4 upstream timed out (110: Connection timed out) while reading response header from upstream, client: 172.18.0.1, server: , request: "GET /category/index HTTP/1.1", upstream: "fastcgi://172.18.0.4:9000", host: "localhost:9090"
2025/02/01 20:50:04 [error] 20#20: *7 upstream timed out (110: Connection timed out) while reading response header from upstream, client: 172.18.0.1, server: , request: "GET /category/index HTTP/1.1", upstream: "fastcgi://172.18.0.4:9000", host: "localhost:9090"
2025/02/01 20:54:26 [error] 20#20: *10 upstream timed out (110: Connection timed out) while reading response header from upstream, client: 172.18.0.1, server: , request: "GET /category/index HTTP/1.1", upstream: "fastcgi://172.18.0.4:9000", host: "localhost:9090"
2025/02/01 21:00:51 [notice] 1#1: signal 3 (SIGQUIT) received, shutting down
2025/02/01 21:00:51 [notice] 20#20: gracefully shutting down
2025/02/01 21:00:51 [notice] 20#20: exiting
2025/02/01 21:00:51 [notice] 21#21: gracefully shutting down
2025/02/01 21:00:51 [notice] 21#21: exiting
2025/02/01 21:00:51 [notice] 20#20: exit
2025/02/01 21:00:51 [notice] 21#21: exit
2025/02/01 21:00:51 [notice] 22#22: gracefully shutting down
2025/02/01 21:00:51 [notice] 23#23: gracefully shutting down
2025/02/01 21:00:51 [notice] 22#22: exiting
2025/02/01 21:00:51 [notice] 23#23: exiting
2025/02/01 21:00:51 [notice] 22#22: exit
2025/02/01 21:00:51 [notice] 23#23: exit
2025/02/01 21:00:51 [notice] 1#1: signal 17 (SIGCHLD) received from 20
2025/02/01 21:00:51 [notice] 1#1: worker process 20 exited with code 0
2025/02/01 21:00:51 [notice] 1#1: worker process 22 exited with code 0
2025/02/01 21:00:51 [notice] 1#1: signal 29 (SIGIO) received
2025/02/01 21:00:51 [notice] 1#1: signal 17 (SIGCHLD) received from 22
2025/02/01 21:00:51 [notice] 1#1: signal 17 (SIGCHLD) received from 21
2025/02/01 21:00:51 [notice] 1#1: worker process 21 exited with code 0
2025/02/01 21:00:51 [notice] 1#1: signal 29 (SIGIO) received
2025/02/01 21:00:51 [notice] 1#1: signal 17 (SIGCHLD) received from 23
2025/02/01 21:00:51 [notice] 1#1: worker process 23 exited with code 0
2025/02/01 21:00:51 [notice] 1#1: exit
2025/02/03 19:05:35 [notice] 1#1: using the "epoll" event method
2025/02/03 19:05:35 [notice] 1#1: nginx/1.27.3
2025/02/03 19:05:35 [notice] 1#1: built by gcc 12.2.0 (Debian 12.2.0-14) 
2025/02/03 19:05:35 [notice] 1#1: OS: Linux 5.15.0-131-generic
2025/02/03 19:05:35 [notice] 1#1: getrlimit(RLIMIT_NOFILE): 1048576:1048576
2025/02/03 19:05:35 [notice] 1#1: start worker processes
2025/02/03 19:05:35 [notice] 1#1: start worker process 20
2025/02/03 19:05:35 [notice] 1#1: start worker process 21
2025/02/03 19:05:35 [notice] 1#1: start worker process 22
2025/02/03 19:05:35 [notice] 1#1: start worker process 23
2025/02/03 20:10:12 [notice] 1#1: signal 3 (SIGQUIT) received, shutting down
2025/02/03 20:10:12 [notice] 20#20: gracefully shutting down
2025/02/03 20:10:12 [notice] 21#21: gracefully shutting down
2025/02/03 20:10:12 [notice] 22#22: gracefully shutting down
2025/02/03 20:10:12 [notice] 23#23: gracefully shutting down
2025/02/03 20:10:12 [notice] 20#20: exiting
2025/02/03 20:10:12 [notice] 21#21: exiting
2025/02/03 20:10:12 [notice] 22#22: exiting
2025/02/03 20:10:12 [notice] 23#23: exiting
2025/02/03 20:10:12 [notice] 21#21: exit
2025/02/03 20:10:12 [notice] 20#20: exit
2025/02/03 20:10:12 [notice] 22#22: exit
2025/02/03 20:10:12 [notice] 23#23: exit
2025/02/03 20:10:12 [notice] 1#1: signal 17 (SIGCHLD) received from 21
2025/02/03 20:10:12 [notice] 1#1: worker process 20 exited with code 0
2025/02/03 20:10:12 [notice] 1#1: worker process 21 exited with code 0
2025/02/03 20:10:12 [notice] 1#1: worker process 22 exited with code 0
2025/02/03 20:10:12 [notice] 1#1: signal 29 (SIGIO) received
2025/02/03 20:10:12 [notice] 1#1: signal 17 (SIGCHLD) received from 22
2025/02/03 20:10:12 [notice] 1#1: signal 17 (SIGCHLD) received from 23
2025/02/03 20:10:12 [notice] 1#1: worker process 23 exited with code 0
2025/02/03 20:10:12 [notice] 1#1: exit
2025/02/04 12:34:27 [notice] 1#1: using the "epoll" event method
2025/02/04 12:34:27 [notice] 1#1: nginx/1.27.3
2025/02/04 12:34:27 [notice] 1#1: built by gcc 12.2.0 (Debian 12.2.0-14) 
2025/02/04 12:34:27 [notice] 1#1: OS: Linux 5.15.0-131-generic
2025/02/04 12:34:27 [notice] 1#1: getrlimit(RLIMIT_NOFILE): 1048576:1048576
2025/02/04 12:34:27 [notice] 1#1: start worker processes
2025/02/04 12:34:27 [notice] 1#1: start worker process 20
2025/02/04 12:34:27 [notice] 1#1: start worker process 21
2025/02/04 12:34:27 [notice] 1#1: start worker process 22
2025/02/04 12:34:27 [notice] 1#1: start worker process 23
2025/02/04 16:36:58 [notice] 1#1: signal 3 (SIGQUIT) received, shutting down
2025/02/04 16:36:58 [notice] 23#23: gracefully shutting down
2025/02/04 16:36:58 [notice] 20#20: gracefully shutting down
2025/02/04 16:36:58 [notice] 22#22: gracefully shutting down
2025/02/04 16:36:58 [notice] 22#22: exiting
2025/02/04 16:36:58 [notice] 20#20: exiting
2025/02/04 16:36:58 [notice] 23#23: exiting
2025/02/04 16:36:58 [notice] 21#21: gracefully shutting down
2025/02/04 16:36:58 [notice] 21#21: exiting
2025/02/04 16:36:58 [notice] 23#23: exit
2025/02/04 16:36:58 [notice] 20#20: exit
2025/02/04 16:36:58 [notice] 22#22: exit
2025/02/04 16:36:58 [notice] 21#21: exit
2025/02/04 16:36:59 [notice] 1#1: signal 17 (SIGCHLD) received from 20
2025/02/04 16:36:59 [notice] 1#1: worker process 20 exited with code 0
2025/02/04 16:36:59 [notice] 1#1: worker process 21 exited with code 0
2025/02/04 16:36:59 [notice] 1#1: worker process 22 exited with code 0
2025/02/04 16:36:59 [notice] 1#1: signal 29 (SIGIO) received
2025/02/04 16:36:59 [notice] 1#1: signal 17 (SIGCHLD) received from 22
2025/02/04 16:36:59 [notice] 1#1: signal 17 (SIGCHLD) received from 23
2025/02/04 16:36:59 [notice] 1#1: worker process 23 exited with code 0
2025/02/04 16:36:59 [notice] 1#1: exit
2025/02/06 19:28:32 [notice] 1#1: using the "epoll" event method
2025/02/06 19:28:32 [notice] 1#1: nginx/1.27.3
2025/02/06 19:28:32 [notice] 1#1: built by gcc 12.2.0 (Debian 12.2.0-14) 
2025/02/06 19:28:32 [notice] 1#1: OS: Linux 5.15.0-131-generic
2025/02/06 19:28:32 [notice] 1#1: getrlimit(RLIMIT_NOFILE): 1048576:1048576
2025/02/06 19:28:32 [notice] 1#1: start worker processes
2025/02/06 19:28:32 [notice] 1#1: start worker process 20
2025/02/06 19:28:32 [notice] 1#1: start worker process 21
2025/02/06 19:28:32 [notice] 1#1: start worker process 22
2025/02/06 19:28:32 [notice] 1#1: start worker process 23
2025/02/06 21:05:48 [notice] 1#1: signal 3 (SIGQUIT) received, shutting down
2025/02/06 21:05:49 [notice] 22#22: gracefully shutting down
2025/02/06 21:05:49 [notice] 22#22: exiting
2025/02/06 21:05:49 [notice] 23#23: gracefully shutting down
2025/02/06 21:05:49 [notice] 23#23: exiting
2025/02/06 21:05:49 [notice] 23#23: exit
2025/02/06 21:05:49 [notice] 22#22: exit
2025/02/06 21:05:49 [notice] 21#21: gracefully shutting down
2025/02/06 21:05:49 [notice] 21#21: exiting
2025/02/06 21:05:49 [notice] 21#21: exit
2025/02/06 21:05:49 [notice] 20#20: gracefully shutting down
2025/02/06 21:05:49 [notice] 20#20: exiting
2025/02/06 21:05:49 [notice] 20#20: exit
2025/02/06 21:05:49 [notice] 1#1: signal 17 (SIGCHLD) received from 23
2025/02/06 21:05:49 [notice] 1#1: worker process 20 exited with code 0
2025/02/06 21:05:49 [notice] 1#1: worker process 21 exited with code 0
2025/02/06 21:05:49 [notice] 1#1: worker process 23 exited with code 0
2025/02/06 21:05:49 [notice] 1#1: signal 29 (SIGIO) received
2025/02/06 21:05:49 [notice] 1#1: signal 17 (SIGCHLD) received from 21
2025/02/06 21:05:49 [notice] 1#1: signal 17 (SIGCHLD) received from 22
2025/02/06 21:05:49 [notice] 1#1: worker process 22 exited with code 0
2025/02/06 21:05:49 [notice] 1#1: exit
2025/02/09 12:28:24 [notice] 1#1: using the "epoll" event method
2025/02/09 12:28:24 [notice] 1#1: nginx/1.27.3
2025/02/09 12:28:24 [notice] 1#1: built by gcc 12.2.0 (Debian 12.2.0-14) 
2025/02/09 12:28:24 [notice] 1#1: OS: Linux 5.15.0-131-generic
2025/02/09 12:28:24 [notice] 1#1: getrlimit(RLIMIT_NOFILE): 1048576:1048576
2025/02/09 12:28:24 [notice] 1#1: start worker processes
2025/02/09 12:28:24 [notice] 1#1: start worker process 20
2025/02/09 12:28:24 [notice] 1#1: start worker process 21
2025/02/09 12:28:24 [notice] 1#1: start worker process 22
2025/02/09 12:28:24 [notice] 1#1: start worker process 23
2025/02/09 15:02:14 [notice] 1#1: signal 3 (SIGQUIT) received, shutting down
2025/02/09 15:02:14 [notice] 21#21: gracefully shutting down
2025/02/09 15:02:14 [notice] 20#20: gracefully shutting down
2025/02/09 15:02:14 [notice] 21#21: exiting
2025/02/09 15:02:14 [notice] 20#20: exiting
2025/02/09 15:02:14 [notice] 21#21: exit
2025/02/09 15:02:14 [notice] 20#20: exit
2025/02/09 15:02:14 [notice] 22#22: gracefully shutting down
2025/02/09 15:02:14 [notice] 22#22: exiting
2025/02/09 15:02:14 [notice] 22#22: exit
2025/02/09 15:02:14 [notice] 23#23: gracefully shutting down
2025/02/09 15:02:14 [notice] 23#23: exiting
2025/02/09 15:02:14 [notice] 23#23: exit
2025/02/09 15:02:15 [notice] 1#1: signal 17 (SIGCHLD) received from 23
2025/02/09 15:02:15 [notice] 1#1: worker process 20 exited with code 0
2025/02/09 15:02:15 [notice] 1#1: worker process 21 exited with code 0
2025/02/09 15:02:15 [notice] 1#1: worker process 22 exited with code 0
2025/02/09 15:02:15 [notice] 1#1: worker process 23 exited with code 0
2025/02/09 15:02:15 [notice] 1#1: exit
2025/02/10 06:00:00 [notice] 1#1: using the "epoll" event method
2025/02/10 06:00:00 [notice] 1#1: nginx/1.27.3
2025/02/10 06:00:00 [notice] 1#1: built by gcc 12.2.0 (Debian 12.2.0-14) 
2025/02/10 06:00:00 [notice] 1#1: OS: Linux 5.15.0-131-generic
2025/02/10 06:00:00 [notice] 1#1: getrlimit(RLIMIT_NOFILE): 1048576:1048576
2025/02/10 06:00:00 [notice] 1#1: start worker processes
2025/02/10 06:00:00 [notice] 1#1: start worker process 20
2025/02/10 06:00:00 [notice] 1#1: start worker process 21
2025/02/10 06:00:00 [notice] 1#1: start worker process 22
2025/02/10 06:00:00 [notice] 1#1: start worker process 23
2025/02/10 06:08:41 [notice] 1#1: signal 3 (SIGQUIT) received, shutting down
2025/02/10 06:08:41 [notice] 21#21: gracefully shutting down
2025/02/10 06:08:41 [notice] 20#20: gracefully shutting down
2025/02/10 06:08:41 [notice] 22#22: gracefully shutting down
2025/02/10 06:08:41 [notice] 23#23: gracefully shutting down
2025/02/10 06:08:41 [notice] 21#21: exiting
2025/02/10 06:08:41 [notice] 20#20: exiting
2025/02/10 06:08:41 [notice] 22#22: exiting
2025/02/10 06:08:41 [notice] 23#23: exiting
2025/02/10 06:08:41 [notice] 21#21: exit
2025/02/10 06:08:41 [notice] 20#20: exit
2025/02/10 06:08:41 [notice] 22#22: exit
2025/02/10 06:08:41 [notice] 23#23: exit
2025/02/10 06:08:41 [notice] 1#1: signal 17 (SIGCHLD) received from 21
2025/02/10 06:08:41 [notice] 1#1: worker process 21 exited with code 0
2025/02/10 06:08:41 [notice] 1#1: signal 29 (SIGIO) received
2025/02/10 06:08:41 [notice] 1#1: signal 17 (SIGCHLD) received from 23
2025/02/10 06:08:41 [notice] 1#1: worker process 23 exited with code 0
2025/02/10 06:08:41 [notice] 1#1: signal 29 (SIGIO) received
2025/02/10 06:08:41 [notice] 1#1: signal 17 (SIGCHLD) received from 20
2025/02/10 06:08:41 [notice] 1#1: worker process 20 exited with code 0
2025/02/10 06:08:41 [notice] 1#1: signal 29 (SIGIO) received
2025/02/10 06:08:41 [notice] 1#1: signal 17 (SIGCHLD) received from 22
2025/02/10 06:08:41 [notice] 1#1: worker process 22 exited with code 0
2025/02/10 06:08:41 [notice] 1#1: exit
2025/02/10 15:06:21 [notice] 1#1: using the "epoll" event method
2025/02/10 15:06:21 [notice] 1#1: nginx/1.27.3
2025/02/10 15:06:21 [notice] 1#1: built by gcc 12.2.0 (Debian 12.2.0-14) 
2025/02/10 15:06:21 [notice] 1#1: OS: Linux 5.15.0-131-generic
2025/02/10 15:06:21 [notice] 1#1: getrlimit(RLIMIT_NOFILE): 1048576:1048576
2025/02/10 15:06:21 [notice] 1#1: start worker processes
2025/02/10 15:06:21 [notice] 1#1: start worker process 20
2025/02/10 15:06:21 [notice] 1#1: start worker process 21
2025/02/10 15:06:21 [notice] 1#1: start worker process 22
2025/02/10 15:06:21 [notice] 1#1: start worker process 23
2025/02/10 20:16:48 [notice] 1#1: signal 3 (SIGQUIT) received, shutting down
2025/02/10 20:16:48 [notice] 21#21: gracefully shutting down
2025/02/10 20:16:48 [notice] 20#20: gracefully shutting down
2025/02/10 20:16:48 [notice] 23#23: gracefully shutting down
2025/02/10 20:16:48 [notice] 22#22: gracefully shutting down
2025/02/10 20:16:48 [notice] 23#23: exiting
2025/02/10 20:16:48 [notice] 21#21: exiting
2025/02/10 20:16:48 [notice] 20#20: exiting
2025/02/10 20:16:48 [notice] 22#22: exiting
2025/02/10 20:16:48 [notice] 21#21: exit
2025/02/10 20:16:48 [notice] 23#23: exit
2025/02/10 20:16:48 [notice] 20#20: exit
2025/02/10 20:16:48 [notice] 22#22: exit
2025/02/10 20:16:48 [notice] 1#1: signal 17 (SIGCHLD) received from 22
2025/02/10 20:16:48 [notice] 1#1: worker process 20 exited with code 0
2025/02/10 20:16:48 [notice] 1#1: worker process 21 exited with code 0
2025/02/10 20:16:48 [notice] 1#1: worker process 22 exited with code 0
2025/02/10 20:16:48 [notice] 1#1: worker process 23 exited with code 0
2025/02/10 20:16:48 [notice] 1#1: exit
2025/02/24 13:56:55 [notice] 1#1: using the "epoll" event method
2025/02/24 13:56:55 [notice] 1#1: nginx/1.27.3
2025/02/24 13:56:55 [notice] 1#1: built by gcc 12.2.0 (Debian 12.2.0-14) 
2025/02/24 13:56:55 [notice] 1#1: OS: Linux 5.15.0-131-generic
2025/02/24 13:56:55 [notice] 1#1: getrlimit(RLIMIT_NOFILE): 1048576:1048576
2025/02/24 13:56:55 [notice] 1#1: start worker processes
2025/02/24 13:56:55 [notice] 1#1: start worker process 21
2025/02/24 13:56:55 [notice] 1#1: start worker process 22
2025/02/24 13:56:55 [notice] 1#1: start worker process 23
2025/02/24 13:56:55 [notice] 1#1: start worker process 24
2025/02/24 20:42:06 [notice] 1#1: signal 3 (SIGQUIT) received, shutting down
2025/02/24 20:42:06 [notice] 21#21: gracefully shutting down
2025/02/24 20:42:06 [notice] 22#22: gracefully shutting down
2025/02/24 20:42:06 [notice] 24#24: gracefully shutting down
2025/02/24 20:42:06 [notice] 23#23: gracefully shutting down
2025/02/24 20:42:06 [notice] 22#22: exiting
2025/02/24 20:42:06 [notice] 22#22: exit
2025/02/24 20:42:06 [notice] 24#24: exiting
2025/02/24 20:42:06 [notice] 24#24: exit
2025/02/24 20:42:06 [notice] 23#23: exiting
2025/02/24 20:42:06 [notice] 23#23: exit
2025/02/24 20:42:06 [notice] 21#21: exiting
2025/02/24 20:42:06 [notice] 21#21: exit
2025/02/24 20:42:07 [notice] 1#1: signal 17 (SIGCHLD) received from 24
2025/02/24 20:42:07 [notice] 1#1: worker process 24 exited with code 0
2025/02/24 20:42:07 [notice] 1#1: signal 29 (SIGIO) received
2025/02/24 20:42:07 [notice] 1#1: signal 17 (SIGCHLD) received from 21
2025/02/24 20:42:07 [notice] 1#1: worker process 21 exited with code 0
2025/02/24 20:42:07 [notice] 1#1: worker process 22 exited with code 0
2025/02/24 20:42:07 [notice] 1#1: worker process 23 exited with code 0
2025/02/24 20:42:07 [notice] 1#1: exit
2025/02/25 17:53:08 [notice] 1#1: using the "epoll" event method
2025/02/25 17:53:08 [notice] 1#1: nginx/1.27.3
2025/02/25 17:53:08 [notice] 1#1: built by gcc 12.2.0 (Debian 12.2.0-14) 
2025/02/25 17:53:08 [notice] 1#1: OS: Linux 5.15.0-131-generic
2025/02/25 17:53:08 [notice] 1#1: getrlimit(RLIMIT_NOFILE): 1048576:1048576
2025/02/25 17:53:08 [notice] 1#1: start worker processes
2025/02/25 17:53:08 [notice] 1#1: start worker process 19
2025/02/25 17:53:08 [notice] 1#1: start worker process 20
2025/02/25 17:53:08 [notice] 1#1: start worker process 21
2025/02/25 17:53:08 [notice] 1#1: start worker process 22
2025/02/25 20:15:15 [notice] 1#1: signal 3 (SIGQUIT) received, shutting down
2025/02/25 20:15:16 [notice] 19#19: gracefully shutting down
2025/02/25 20:15:16 [notice] 22#22: gracefully shutting down
2025/02/25 20:15:16 [notice] 20#20: gracefully shutting down
2025/02/25 20:15:16 [notice] 21#21: gracefully shutting down
2025/02/25 20:15:16 [notice] 19#19: exiting
2025/02/25 20:15:16 [notice] 22#22: exiting
2025/02/25 20:15:16 [notice] 22#22: exit
2025/02/25 20:15:16 [notice] 19#19: exit
2025/02/25 20:15:16 [notice] 20#20: exiting
2025/02/25 20:15:16 [notice] 20#20: exit
2025/02/25 20:15:16 [notice] 21#21: exiting
2025/02/25 20:15:16 [notice] 21#21: exit
2025/02/25 20:15:18 [notice] 1#1: signal 17 (SIGCHLD) received from 22
2025/02/25 20:15:18 [notice] 1#1: worker process 22 exited with code 0
2025/02/25 20:15:18 [notice] 1#1: signal 29 (SIGIO) received
2025/02/25 20:15:18 [notice] 1#1: signal 17 (SIGCHLD) received from 21
2025/02/25 20:15:18 [notice] 1#1: worker process 20 exited with code 0
2025/02/25 20:15:18 [notice] 1#1: worker process 19 exited with code 0
2025/02/25 20:15:18 [notice] 1#1: worker process 21 exited with code 0
2025/02/25 20:15:18 [notice] 1#1: exit
2025/02/27 14:52:46 [notice] 1#1: using the "epoll" event method
2025/02/27 14:52:46 [notice] 1#1: nginx/1.27.3
2025/02/27 14:52:46 [notice] 1#1: built by gcc 12.2.0 (Debian 12.2.0-14) 
2025/02/27 14:52:46 [notice] 1#1: OS: Linux 5.15.0-131-generic
2025/02/27 14:52:46 [notice] 1#1: getrlimit(RLIMIT_NOFILE): 1048576:1048576
2025/02/27 14:52:46 [notice] 1#1: start worker processes
2025/02/27 14:52:46 [notice] 1#1: start worker process 20
2025/02/27 14:52:46 [notice] 1#1: start worker process 21
2025/02/27 14:52:46 [notice] 1#1: start worker process 22
2025/02/27 14:52:46 [notice] 1#1: start worker process 23
2025/02/27 16:20:25 [notice] 22#22: signal 15 (SIGTERM) received, exiting
2025/02/27 16:20:25 [notice] 23#23: signal 15 (SIGTERM) received, exiting
2025/02/27 16:20:26 [notice] 22#22: exiting
2025/02/27 16:20:25 [notice] 1#1: signal 15 (SIGTERM) received, exiting
2025/02/27 16:20:26 [notice] 1#1: signal 17 (SIGCHLD) received from 22
2025/02/27 16:20:26 [notice] 23#23: exiting
2025/02/27 16:20:25 [notice] 21#21: signal 15 (SIGTERM) received, exiting
2025/02/27 16:20:25 [notice] 20#20: signal 15 (SIGTERM) received, exiting
2025/02/27 16:20:26 [notice] 21#21: exiting
2025/02/27 16:20:26 [notice] 1#1: signal 17 (SIGCHLD) received from 23
2025/02/27 16:20:26 [notice] 20#20: exiting
2025/02/27 16:20:26 [notice] 1#1: signal 14 (SIGALRM) received
2025/02/27 16:20:26 [notice] 20#20: exit
2025/02/27 16:20:26 [notice] 22#22: exit
2025/02/27 16:20:26 [notice] 21#21: exit
2025/02/27 16:20:26 [notice] 23#23: exit
2025/02/27 16:20:26 [notice] 1#1: signal 14 (SIGALRM) received
2025/02/27 16:20:27 [notice] 1#1: signal 14 (SIGALRM) received
2025/02/27 16:20:27 [notice] 1#1: signal 14 (SIGALRM) received
2025/02/27 16:20:27 [notice] 1#1: signal 17 (SIGCHLD) received from 20
2025/02/27 16:20:27 [notice] 1#1: worker process 20 exited with code 0
2025/02/27 16:20:27 [notice] 1#1: signal 29 (SIGIO) received
2025/02/27 16:20:27 [notice] 1#1: signal 17 (SIGCHLD) received from 22
2025/02/27 16:20:27 [notice] 1#1: worker process 22 exited with code 0
2025/02/27 16:20:27 [notice] 1#1: signal 17 (SIGCHLD) received from 23
2025/02/27 16:20:27 [notice] 1#1: worker process 21 exited with code 0
2025/02/27 16:20:27 [notice] 1#1: worker process 23 exited with code 0
2025/02/27 16:20:27 [notice] 1#1: exit
2025/02/27 16:24:04 [notice] 1#1: using the "epoll" event method
2025/02/27 16:24:04 [notice] 1#1: nginx/1.27.3
2025/02/27 16:24:04 [notice] 1#1: built by gcc 12.2.0 (Debian 12.2.0-14) 
2025/02/27 16:24:04 [notice] 1#1: OS: Linux 5.15.0-131-generic
2025/02/27 16:24:04 [notice] 1#1: getrlimit(RLIMIT_NOFILE): 1048576:1048576
2025/02/27 16:24:04 [notice] 1#1: start worker processes
2025/02/27 16:24:04 [notice] 1#1: start worker process 20
2025/02/27 16:24:04 [notice] 1#1: start worker process 21
2025/02/27 16:24:04 [notice] 1#1: start worker process 22
2025/02/27 16:24:04 [notice] 1#1: start worker process 23
2025/02/27 16:48:59 [notice] 1#1: signal 3 (SIGQUIT) received, shutting down
2025/02/27 16:48:59 [notice] 20#20: gracefully shutting down
2025/02/27 16:48:59 [notice] 20#20: exiting
2025/02/27 16:48:59 [notice] 21#21: gracefully shutting down
2025/02/27 16:48:59 [notice] 21#21: exiting
2025/02/27 16:48:59 [notice] 20#20: exit
2025/02/27 16:48:59 [notice] 21#21: exit
2025/02/27 16:48:59 [notice] 22#22: gracefully shutting down
2025/02/27 16:48:59 [notice] 22#22: exiting
2025/02/27 16:48:59 [notice] 23#23: gracefully shutting down
2025/02/27 16:48:59 [notice] 23#23: exiting
2025/02/27 16:48:59 [notice] 22#22: exit
2025/02/27 16:48:59 [notice] 23#23: exit
2025/02/27 16:48:59 [notice] 1#1: signal 17 (SIGCHLD) received from 23
2025/02/27 16:48:59 [notice] 1#1: worker process 23 exited with code 0
2025/02/27 16:48:59 [notice] 1#1: signal 29 (SIGIO) received
2025/02/27 16:48:59 [notice] 1#1: signal 17 (SIGCHLD) received from 20
2025/02/27 16:48:59 [notice] 1#1: worker process 20 exited with code 0
2025/02/27 16:48:59 [notice] 1#1: worker process 22 exited with code 0
2025/02/27 16:48:59 [notice] 1#1: signal 29 (SIGIO) received
2025/02/27 16:48:59 [notice] 1#1: signal 17 (SIGCHLD) received from 21
2025/02/27 16:48:59 [notice] 1#1: worker process 21 exited with code 0
2025/02/27 16:48:59 [notice] 1#1: exit
2025/02/27 16:51:52 [notice] 1#1: using the "epoll" event method
2025/02/27 16:51:52 [notice] 1#1: nginx/1.27.3
2025/02/27 16:51:52 [notice] 1#1: built by gcc 12.2.0 (Debian 12.2.0-14) 
2025/02/27 16:51:52 [notice] 1#1: OS: Linux 5.15.0-131-generic
2025/02/27 16:51:52 [notice] 1#1: getrlimit(RLIMIT_NOFILE): 1048576:1048576
2025/02/27 16:51:52 [notice] 1#1: start worker processes
2025/02/27 16:51:52 [notice] 1#1: start worker process 19
2025/02/27 16:51:52 [notice] 1#1: start worker process 20
2025/02/27 16:51:52 [notice] 1#1: start worker process 21
2025/02/27 16:51:52 [notice] 1#1: start worker process 22
2025/02/27 17:41:05 [notice] 1#1: signal 3 (SIGQUIT) received, shutting down
2025/02/27 17:41:05 [notice] 21#21: gracefully shutting down
2025/02/27 17:41:05 [notice] 21#21: exiting
2025/02/27 17:41:05 [notice] 19#19: gracefully shutting down
2025/02/27 17:41:05 [notice] 20#20: gracefully shutting down
2025/02/27 17:41:05 [notice] 19#19: exiting
2025/02/27 17:41:05 [notice] 20#20: exiting
2025/02/27 17:41:05 [notice] 22#22: gracefully shutting down
2025/02/27 17:41:05 [notice] 22#22: exiting
2025/02/27 17:41:05 [notice] 21#21: exit
2025/02/27 17:41:05 [notice] 22#22: exit
2025/02/27 17:41:05 [notice] 20#20: exit
2025/02/27 17:41:05 [notice] 19#19: exit
2025/02/27 17:41:06 [notice] 1#1: signal 17 (SIGCHLD) received from 21
2025/02/27 17:41:06 [notice] 1#1: worker process 20 exited with code 0
2025/02/27 17:41:06 [notice] 1#1: worker process 21 exited with code 0
2025/02/27 17:41:06 [notice] 1#1: signal 29 (SIGIO) received
2025/02/27 17:41:06 [notice] 1#1: signal 17 (SIGCHLD) received from 19
2025/02/27 17:41:06 [notice] 1#1: worker process 19 exited with code 0
2025/02/27 17:41:06 [notice] 1#1: signal 29 (SIGIO) received
2025/02/27 17:41:06 [notice] 1#1: signal 17 (SIGCHLD) received from 22
2025/02/27 17:41:06 [notice] 1#1: worker process 22 exited with code 0
2025/02/27 17:41:06 [notice] 1#1: exit
2025/03/01 15:07:26 [notice] 1#1: using the "epoll" event method
2025/03/01 15:07:26 [notice] 1#1: nginx/1.27.3
2025/03/01 15:07:26 [notice] 1#1: built by gcc 12.2.0 (Debian 12.2.0-14) 
2025/03/01 15:07:26 [notice] 1#1: OS: Linux 5.15.0-131-generic
2025/03/01 15:07:26 [notice] 1#1: getrlimit(RLIMIT_NOFILE): 1048576:1048576
2025/03/01 15:07:26 [notice] 1#1: start worker processes
2025/03/01 15:07:26 [notice] 1#1: start worker process 19
2025/03/01 15:07:26 [notice] 1#1: start worker process 20
2025/03/01 15:07:26 [notice] 1#1: start worker process 21
2025/03/01 15:07:26 [notice] 1#1: start worker process 22
2025/03/01 17:56:59 [notice] 1#1: signal 3 (SIGQUIT) received, shutting down
2025/03/01 17:56:59 [notice] 21#21: gracefully shutting down
2025/03/01 17:56:59 [notice] 19#19: gracefully shutting down
2025/03/01 17:56:59 [notice] 22#22: gracefully shutting down
2025/03/01 17:56:59 [notice] 20#20: gracefully shutting down
2025/03/01 17:56:59 [notice] 22#22: exiting
2025/03/01 17:56:59 [notice] 21#21: exiting
2025/03/01 17:56:59 [notice] 19#19: exiting
2025/03/01 17:56:59 [notice] 20#20: exiting
2025/03/01 17:56:59 [notice] 21#21: exit
2025/03/01 17:56:59 [notice] 22#22: exit
2025/03/01 17:56:59 [notice] 19#19: exit
2025/03/01 17:56:59 [notice] 20#20: exit
2025/03/01 17:56:59 [notice] 1#1: signal 17 (SIGCHLD) received from 20
2025/03/01 17:56:59 [notice] 1#1: worker process 20 exited with code 0
2025/03/01 17:56:59 [notice] 1#1: signal 29 (SIGIO) received
2025/03/01 17:56:59 [notice] 1#1: signal 17 (SIGCHLD) received from 21
2025/03/01 17:56:59 [notice] 1#1: worker process 19 exited with code 0
2025/03/01 17:56:59 [notice] 1#1: worker process 21 exited with code 0
2025/03/01 17:56:59 [notice] 1#1: worker process 22 exited with code 0
2025/03/01 17:56:59 [notice] 1#1: signal 17 (SIGCHLD) received from 22
2025/03/01 17:56:59 [notice] 1#1: exit
2025/03/03 18:15:21 [notice] 1#1: using the "epoll" event method
2025/03/03 18:15:21 [notice] 1#1: nginx/1.27.3
2025/03/03 18:15:21 [notice] 1#1: built by gcc 12.2.0 (Debian 12.2.0-14) 
2025/03/03 18:15:21 [notice] 1#1: OS: Linux 5.15.0-131-generic
2025/03/03 18:15:21 [notice] 1#1: getrlimit(RLIMIT_NOFILE): 1048576:1048576
2025/03/03 18:15:21 [notice] 1#1: start worker processes
2025/03/03 18:15:21 [notice] 1#1: start worker process 20
2025/03/03 18:15:21 [notice] 1#1: start worker process 21
2025/03/03 18:15:21 [notice] 1#1: start worker process 22
2025/03/03 18:15:21 [notice] 1#1: start worker process 23
2025/03/03 19:19:20 [notice] 1#1: signal 3 (SIGQUIT) received, shutting down
2025/03/03 19:19:20 [notice] 23#23: gracefully shutting down
2025/03/03 19:19:20 [notice] 23#23: exiting
2025/03/03 19:19:20 [notice] 20#20: gracefully shutting down
2025/03/03 19:19:20 [notice] 20#20: exiting
2025/03/03 19:19:20 [notice] 23#23: exit
2025/03/03 19:19:20 [notice] 20#20: exit
2025/03/03 19:19:20 [notice] 22#22: gracefully shutting down
2025/03/03 19:19:20 [notice] 22#22: exiting
2025/03/03 19:19:20 [notice] 22#22: exit
2025/03/03 19:19:20 [notice] 21#21: gracefully shutting down
2025/03/03 19:19:20 [notice] 21#21: exiting
2025/03/03 19:19:20 [notice] 21#21: exit
2025/03/03 19:19:20 [notice] 1#1: signal 17 (SIGCHLD) received from 23
2025/03/03 19:19:20 [notice] 1#1: worker process 23 exited with code 0
2025/03/03 19:19:20 [notice] 1#1: signal 29 (SIGIO) received
2025/03/03 19:19:20 [notice] 1#1: signal 17 (SIGCHLD) received from 22
2025/03/03 19:19:20 [notice] 1#1: worker process 21 exited with code 0
2025/03/03 19:19:20 [notice] 1#1: worker process 22 exited with code 0
2025/03/03 19:19:20 [notice] 1#1: signal 29 (SIGIO) received
2025/03/03 19:19:20 [notice] 1#1: signal 17 (SIGCHLD) received from 20
2025/03/03 19:19:20 [notice] 1#1: worker process 20 exited with code 0
2025/03/03 19:19:20 [notice] 1#1: exit
2025/03/04 17:21:38 [notice] 1#1: using the "epoll" event method
2025/03/04 17:21:38 [notice] 1#1: nginx/1.27.3
2025/03/04 17:21:38 [notice] 1#1: built by gcc 12.2.0 (Debian 12.2.0-14) 
2025/03/04 17:21:38 [notice] 1#1: OS: Linux 5.15.0-131-generic
2025/03/04 17:21:38 [notice] 1#1: getrlimit(RLIMIT_NOFILE): 1048576:1048576
2025/03/04 17:21:38 [notice] 1#1: start worker processes
2025/03/04 17:21:38 [notice] 1#1: start worker process 20
2025/03/04 17:21:38 [notice] 1#1: start worker process 21
2025/03/04 17:21:38 [notice] 1#1: start worker process 22
2025/03/04 17:21:38 [notice] 1#1: start worker process 23
2025/03/04 19:05:09 [notice] 1#1: signal 3 (SIGQUIT) received, shutting down
2025/03/04 19:05:09 [notice] 21#21: gracefully shutting down
2025/03/04 19:05:09 [notice] 20#20: gracefully shutting down
2025/03/04 19:05:09 [notice] 22#22: gracefully shutting down
2025/03/04 19:05:09 [notice] 21#21: exiting
2025/03/04 19:05:09 [notice] 22#22: exiting
2025/03/04 19:05:09 [notice] 20#20: exiting
2025/03/04 19:05:09 [notice] 21#21: exit
2025/03/04 19:05:09 [notice] 20#20: exit
2025/03/04 19:05:09 [notice] 22#22: exit
2025/03/04 19:05:09 [notice] 23#23: gracefully shutting down
2025/03/04 19:05:09 [notice] 23#23: exiting
2025/03/04 19:05:09 [notice] 23#23: exit
2025/03/04 19:05:10 [notice] 1#1: signal 17 (SIGCHLD) received from 23
2025/03/04 19:05:10 [notice] 1#1: worker process 20 exited with code 0
2025/03/04 19:05:10 [notice] 1#1: worker process 21 exited with code 0
2025/03/04 19:05:10 [notice] 1#1: worker process 22 exited with code 0
2025/03/04 19:05:10 [notice] 1#1: worker process 23 exited with code 0
2025/03/04 19:05:10 [notice] 1#1: exit
2025/03/06 15:05:19 [notice] 1#1: using the "epoll" event method
2025/03/06 15:05:19 [notice] 1#1: nginx/1.27.3
2025/03/06 15:05:19 [notice] 1#1: built by gcc 12.2.0 (Debian 12.2.0-14) 
2025/03/06 15:05:19 [notice] 1#1: OS: Linux 5.15.0-134-generic
2025/03/06 15:05:19 [notice] 1#1: getrlimit(RLIMIT_NOFILE): 1048576:1048576
2025/03/06 15:05:19 [notice] 1#1: start worker processes
2025/03/06 15:05:19 [notice] 1#1: start worker process 20
2025/03/06 15:05:19 [notice] 1#1: start worker process 21
2025/03/06 15:05:19 [notice] 1#1: start worker process 22
2025/03/06 15:05:19 [notice] 1#1: start worker process 23
2025/03/06 18:06:15 [notice] 1#1: signal 3 (SIGQUIT) received, shutting down
2025/03/06 18:06:15 [notice] 20#20: gracefully shutting down
2025/03/06 18:06:15 [notice] 20#20: exiting
2025/03/06 18:06:15 [notice] 20#20: exit
2025/03/06 18:06:15 [notice] 21#21: gracefully shutting down
2025/03/06 18:06:15 [notice] 21#21: exiting
2025/03/06 18:06:15 [notice] 21#21: exit
2025/03/06 18:06:15 [notice] 22#22: gracefully shutting down
2025/03/06 18:06:15 [notice] 22#22: exiting
2025/03/06 18:06:15 [notice] 22#22: exit
2025/03/06 18:06:15 [notice] 23#23: gracefully shutting down
2025/03/06 18:06:15 [notice] 23#23: exiting
2025/03/06 18:06:15 [notice] 23#23: exit
2025/03/06 18:06:15 [notice] 1#1: signal 17 (SIGCHLD) received from 22
2025/03/06 18:06:15 [notice] 1#1: worker process 22 exited with code 0
2025/03/06 18:06:15 [notice] 1#1: signal 29 (SIGIO) received
2025/03/06 18:06:15 [notice] 1#1: signal 17 (SIGCHLD) received from 21
2025/03/06 18:06:15 [notice] 1#1: worker process 21 exited with code 0
2025/03/06 18:06:15 [notice] 1#1: signal 29 (SIGIO) received
2025/03/06 18:06:15 [notice] 1#1: signal 17 (SIGCHLD) received from 23
2025/03/06 18:06:15 [notice] 1#1: worker process 20 exited with code 0
2025/03/06 18:06:15 [notice] 1#1: worker process 23 exited with code 0
2025/03/06 18:06:15 [notice] 1#1: exit
2025/03/10 17:20:00 [notice] 1#1: using the "epoll" event method
2025/03/10 17:20:00 [notice] 1#1: nginx/1.27.3
2025/03/10 17:20:00 [notice] 1#1: built by gcc 12.2.0 (Debian 12.2.0-14) 
2025/03/10 17:20:00 [notice] 1#1: OS: Linux 5.15.0-134-generic
2025/03/10 17:20:00 [notice] 1#1: getrlimit(RLIMIT_NOFILE): 1048576:1048576
2025/03/10 17:20:00 [notice] 1#1: start worker processes
2025/03/10 17:20:00 [notice] 1#1: start worker process 20
2025/03/10 17:20:00 [notice] 1#1: start worker process 21
2025/03/10 17:20:00 [notice] 1#1: start worker process 22
2025/03/10 17:20:00 [notice] 1#1: start worker process 23
2025/03/10 20:20:18 [notice] 1#1: signal 3 (SIGQUIT) received, shutting down
2025/03/10 20:20:18 [notice] 22#22: gracefully shutting down
2025/03/10 20:20:18 [notice] 23#23: gracefully shutting down
2025/03/10 20:20:18 [notice] 20#20: gracefully shutting down
2025/03/10 20:20:18 [notice] 21#21: gracefully shutting down
2025/03/10 20:20:18 [notice] 20#20: exiting
2025/03/10 20:20:18 [notice] 21#21: exiting
2025/03/10 20:20:18 [notice] 21#21: exit
2025/03/10 20:20:18 [notice] 20#20: exit
2025/03/10 20:20:18 [notice] 22#22: exiting
2025/03/10 20:20:18 [notice] 22#22: exit
2025/03/10 20:20:18 [notice] 23#23: exiting
2025/03/10 20:20:18 [notice] 23#23: exit
2025/03/10 20:20:19 [notice] 1#1: signal 17 (SIGCHLD) received from 21
2025/03/10 20:20:19 [notice] 1#1: worker process 21 exited with code 0
2025/03/10 20:20:19 [notice] 1#1: signal 29 (SIGIO) received
2025/03/10 20:20:19 [notice] 1#1: signal 17 (SIGCHLD) received from 22
2025/03/10 20:20:19 [notice] 1#1: worker process 22 exited with code 0
2025/03/10 20:20:19 [notice] 1#1: signal 29 (SIGIO) received
2025/03/10 20:20:19 [notice] 1#1: signal 17 (SIGCHLD) received from 20
2025/03/10 20:20:19 [notice] 1#1: worker process 20 exited with code 0
2025/03/10 20:20:19 [notice] 1#1: signal 29 (SIGIO) received
2025/03/10 20:20:19 [notice] 1#1: signal 17 (SIGCHLD) received from 23
2025/03/10 20:20:19 [notice] 1#1: worker process 23 exited with code 0
2025/03/10 20:20:19 [notice] 1#1: exit
2025/03/11 08:39:07 [notice] 1#1: using the "epoll" event method
2025/03/11 08:39:07 [notice] 1#1: nginx/1.27.3
2025/03/11 08:39:07 [notice] 1#1: built by gcc 12.2.0 (Debian 12.2.0-14) 
2025/03/11 08:39:07 [notice] 1#1: OS: Linux 5.15.0-134-generic
2025/03/11 08:39:07 [notice] 1#1: getrlimit(RLIMIT_NOFILE): 1048576:1048576
2025/03/11 08:39:07 [notice] 1#1: start worker processes
2025/03/11 08:39:07 [notice] 1#1: start worker process 19
2025/03/11 08:39:07 [notice] 1#1: start worker process 20
2025/03/11 08:39:07 [notice] 1#1: start worker process 21
2025/03/11 08:39:07 [notice] 1#1: start worker process 22
2025/03/11 08:39:13 [error] 19#19: *2 connect() failed (111: Connection refused) while connecting to upstream, client: 172.20.0.1, server: , request: "GET /api/posts HTTP/1.1", upstream: "fastcgi://172.20.0.3:9000", host: "localhost:9090"
2025/03/11 10:29:39 [notice] 1#1: signal 3 (SIGQUIT) received, shutting down
2025/03/11 10:29:40 [notice] 19#19: gracefully shutting down
2025/03/11 10:29:40 [notice] 22#22: gracefully shutting down
2025/03/11 10:29:40 [notice] 20#20: gracefully shutting down
2025/03/11 10:29:40 [notice] 21#21: gracefully shutting down
2025/03/11 10:29:40 [notice] 19#19: exiting
2025/03/11 10:29:40 [notice] 22#22: exiting
2025/03/11 10:29:40 [notice] 21#21: exiting
2025/03/11 10:29:40 [notice] 20#20: exiting
2025/03/11 10:29:40 [notice] 22#22: exit
2025/03/11 10:29:40 [notice] 20#20: exit
2025/03/11 10:29:40 [notice] 21#21: exit
2025/03/11 10:29:40 [notice] 19#19: exit
2025/03/11 10:29:41 [notice] 1#1: signal 17 (SIGCHLD) received from 21
2025/03/11 10:29:41 [notice] 1#1: worker process 19 exited with code 0
2025/03/11 10:29:41 [notice] 1#1: worker process 21 exited with code 0
2025/03/11 10:29:41 [notice] 1#1: signal 29 (SIGIO) received
2025/03/11 10:29:41 [notice] 1#1: signal 17 (SIGCHLD) received from 19
2025/03/11 10:29:41 [notice] 1#1: signal 17 (SIGCHLD) received from 20
2025/03/11 10:29:41 [notice] 1#1: worker process 20 exited with code 0
2025/03/11 10:29:41 [notice] 1#1: signal 29 (SIGIO) received
2025/03/11 10:29:41 [notice] 1#1: signal 17 (SIGCHLD) received from 22
2025/03/11 10:29:41 [notice] 1#1: worker process 22 exited with code 0
2025/03/11 10:29:41 [notice] 1#1: exit
2025/03/11 17:49:25 [notice] 1#1: using the "epoll" event method
2025/03/11 17:49:25 [notice] 1#1: nginx/1.27.3
2025/03/11 17:49:25 [notice] 1#1: built by gcc 12.2.0 (Debian 12.2.0-14) 
2025/03/11 17:49:25 [notice] 1#1: OS: Linux 5.15.0-134-generic
2025/03/11 17:49:25 [notice] 1#1: getrlimit(RLIMIT_NOFILE): 1048576:1048576
2025/03/11 17:49:25 [notice] 1#1: start worker processes
2025/03/11 17:49:25 [notice] 1#1: start worker process 20
2025/03/11 17:49:25 [notice] 1#1: start worker process 21
2025/03/11 17:49:25 [notice] 1#1: start worker process 22
2025/03/11 17:49:25 [notice] 1#1: start worker process 23
2025/03/11 19:52:57 [notice] 1#1: using the "epoll" event method
2025/03/11 19:52:57 [notice] 1#1: nginx/1.27.3
2025/03/11 19:52:57 [notice] 1#1: built by gcc 12.2.0 (Debian 12.2.0-14) 
2025/03/11 19:52:57 [notice] 1#1: OS: Linux 5.15.0-134-generic
2025/03/11 19:52:57 [notice] 1#1: getrlimit(RLIMIT_NOFILE): 1048576:1048576
2025/03/11 19:52:57 [notice] 1#1: start worker processes
2025/03/11 19:52:57 [notice] 1#1: start worker process 20
2025/03/11 19:52:57 [notice] 1#1: start worker process 21
2025/03/11 19:52:57 [notice] 1#1: start worker process 22
2025/03/11 19:52:57 [notice] 1#1: start worker process 23
2025/03/11 21:06:50 [notice] 1#1: signal 3 (SIGQUIT) received, shutting down
2025/03/11 21:06:50 [notice] 22#22: gracefully shutting down
2025/03/11 21:06:50 [notice] 20#20: gracefully shutting down
2025/03/11 21:06:50 [notice] 23#23: gracefully shutting down
2025/03/11 21:06:50 [notice] 21#21: gracefully shutting down
2025/03/11 21:06:50 [notice] 22#22: exiting
2025/03/11 21:06:50 [notice] 20#20: exiting
2025/03/11 21:06:50 [notice] 22#22: exit
2025/03/11 21:06:50 [notice] 21#21: exiting
2025/03/11 21:06:50 [notice] 21#21: exit
2025/03/11 21:06:50 [notice] 20#20: exit
2025/03/11 21:06:50 [notice] 23#23: exiting
2025/03/11 21:06:50 [notice] 23#23: exit
2025/03/11 21:06:51 [notice] 1#1: signal 17 (SIGCHLD) received from 22
2025/03/11 21:06:51 [notice] 1#1: worker process 22 exited with code 0
2025/03/11 21:06:51 [notice] 1#1: signal 29 (SIGIO) received
2025/03/11 21:06:51 [notice] 1#1: signal 17 (SIGCHLD) received from 23
2025/03/11 21:06:51 [notice] 1#1: worker process 23 exited with code 0
2025/03/11 21:06:51 [notice] 1#1: signal 29 (SIGIO) received
2025/03/11 21:06:51 [notice] 1#1: signal 17 (SIGCHLD) received from 20
2025/03/11 21:06:51 [notice] 1#1: worker process 20 exited with code 0
2025/03/11 21:06:51 [notice] 1#1: signal 29 (SIGIO) received
2025/03/11 21:06:51 [notice] 1#1: signal 17 (SIGCHLD) received from 21
2025/03/11 21:06:51 [notice] 1#1: worker process 21 exited with code 0
2025/03/11 21:06:51 [notice] 1#1: exit
2025/03/12 19:48:35 [notice] 1#1: using the "epoll" event method
2025/03/12 19:48:35 [notice] 1#1: nginx/1.27.3
2025/03/12 19:48:35 [notice] 1#1: built by gcc 12.2.0 (Debian 12.2.0-14) 
2025/03/12 19:48:35 [notice] 1#1: OS: Linux 5.15.0-134-generic
2025/03/12 19:48:35 [notice] 1#1: getrlimit(RLIMIT_NOFILE): 1048576:1048576
2025/03/12 19:48:35 [notice] 1#1: start worker processes
2025/03/12 19:48:35 [notice] 1#1: start worker process 20
2025/03/12 19:48:35 [notice] 1#1: start worker process 21
2025/03/12 19:48:35 [notice] 1#1: start worker process 22
2025/03/12 19:48:35 [notice] 1#1: start worker process 23
2025/03/12 19:54:17 [notice] 1#1: signal 3 (SIGQUIT) received, shutting down
2025/03/12 19:54:17 [notice] 21#21: gracefully shutting down
2025/03/12 19:54:17 [notice] 20#20: gracefully shutting down
2025/03/12 19:54:17 [notice] 22#22: gracefully shutting down
2025/03/12 19:54:17 [notice] 23#23: gracefully shutting down
2025/03/12 19:54:17 [notice] 21#21: exiting
2025/03/12 19:54:17 [notice] 20#20: exiting
2025/03/12 19:54:17 [notice] 22#22: exiting
2025/03/12 19:54:17 [notice] 23#23: exiting
2025/03/12 19:54:17 [notice] 22#22: exit
2025/03/12 19:54:17 [notice] 20#20: exit
2025/03/12 19:54:17 [notice] 21#21: exit
2025/03/12 19:54:17 [notice] 23#23: exit
2025/03/12 19:54:17 [notice] 1#1: signal 17 (SIGCHLD) received from 23
2025/03/12 19:54:17 [notice] 1#1: worker process 23 exited with code 0
2025/03/12 19:54:17 [notice] 1#1: signal 29 (SIGIO) received
2025/03/12 19:54:17 [notice] 1#1: signal 17 (SIGCHLD) received from 21
2025/03/12 19:54:17 [notice] 1#1: worker process 21 exited with code 0
2025/03/12 19:54:17 [notice] 1#1: signal 29 (SIGIO) received
2025/03/12 19:54:17 [notice] 1#1: signal 17 (SIGCHLD) received from 20
2025/03/12 19:54:17 [notice] 1#1: worker process 20 exited with code 0
2025/03/12 19:54:17 [notice] 1#1: worker process 22 exited with code 0
2025/03/12 19:54:17 [notice] 1#1: exit
2025/03/12 19:54:52 [notice] 1#1: using the "epoll" event method
2025/03/12 19:54:52 [notice] 1#1: nginx/1.27.3
2025/03/12 19:54:52 [notice] 1#1: built by gcc 12.2.0 (Debian 12.2.0-14) 
2025/03/12 19:54:52 [notice] 1#1: OS: Linux 5.15.0-134-generic
2025/03/12 19:54:52 [notice] 1#1: getrlimit(RLIMIT_NOFILE): 1048576:1048576
2025/03/12 19:54:52 [notice] 1#1: start worker processes
2025/03/12 19:54:52 [notice] 1#1: start worker process 20
2025/03/12 19:54:52 [notice] 1#1: start worker process 21
2025/03/12 19:54:52 [notice] 1#1: start worker process 22
2025/03/12 19:54:52 [notice] 1#1: start worker process 23
2025/03/12 21:03:20 [notice] 1#1: signal 3 (SIGQUIT) received, shutting down
2025/03/12 21:03:21 [notice] 22#22: gracefully shutting down
2025/03/12 21:03:21 [notice] 21#21: gracefully shutting down
2025/03/12 21:03:21 [notice] 23#23: gracefully shutting down
2025/03/12 21:03:21 [notice] 22#22: exiting
2025/03/12 21:03:21 [notice] 21#21: exiting
2025/03/12 21:03:21 [notice] 23#23: exiting
2025/03/12 21:03:21 [notice] 20#20: gracefully shutting down
2025/03/12 21:03:21 [notice] 20#20: exiting
2025/03/12 21:03:21 [notice] 21#21: exit
2025/03/12 21:03:21 [notice] 23#23: exit
2025/03/12 21:03:21 [notice] 20#20: exit
2025/03/12 21:03:21 [notice] 22#22: exit
2025/03/12 21:03:21 [notice] 1#1: signal 17 (SIGCHLD) received from 20
2025/03/12 21:03:21 [notice] 1#1: worker process 20 exited with code 0
2025/03/12 21:03:21 [notice] 1#1: signal 29 (SIGIO) received
2025/03/12 21:03:21 [notice] 1#1: signal 17 (SIGCHLD) received from 21
2025/03/12 21:03:21 [notice] 1#1: worker process 21 exited with code 0
2025/03/12 21:03:21 [notice] 1#1: signal 29 (SIGIO) received
2025/03/12 21:03:21 [notice] 1#1: signal 17 (SIGCHLD) received from 23
2025/03/12 21:03:21 [notice] 1#1: worker process 23 exited with code 0
2025/03/12 21:03:21 [notice] 1#1: signal 29 (SIGIO) received
2025/03/12 21:03:21 [notice] 1#1: signal 17 (SIGCHLD) received from 22
2025/03/12 21:03:21 [notice] 1#1: worker process 22 exited with code 0
2025/03/12 21:03:21 [notice] 1#1: exit
2025/03/13 15:05:34 [notice] 1#1: using the "epoll" event method
2025/03/13 15:05:34 [notice] 1#1: nginx/1.27.3
2025/03/13 15:05:34 [notice] 1#1: built by gcc 12.2.0 (Debian 12.2.0-14) 
2025/03/13 15:05:34 [notice] 1#1: OS: Linux 5.15.0-134-generic
2025/03/13 15:05:34 [notice] 1#1: getrlimit(RLIMIT_NOFILE): 1048576:1048576
2025/03/13 15:05:34 [notice] 1#1: start worker processes
2025/03/13 15:05:34 [notice] 1#1: start worker process 20
2025/03/13 15:05:34 [notice] 1#1: start worker process 21
2025/03/13 15:05:34 [notice] 1#1: start worker process 22
2025/03/13 15:05:34 [notice] 1#1: start worker process 23
2025/03/13 19:44:00 [notice] 1#1: signal 3 (SIGQUIT) received, shutting down
2025/03/13 19:44:00 [notice] 22#22: gracefully shutting down
2025/03/13 19:44:00 [notice] 22#22: exiting
2025/03/13 19:44:00 [notice] 22#22: exit
2025/03/13 19:44:00 [notice] 20#20: gracefully shutting down
2025/03/13 19:44:00 [notice] 20#20: exiting
2025/03/13 19:44:00 [notice] 20#20: exit
2025/03/13 19:44:00 [notice] 21#21: gracefully shutting down
2025/03/13 19:44:00 [notice] 21#21: exiting
2025/03/13 19:44:00 [notice] 21#21: exit
2025/03/13 19:44:00 [notice] 23#23: gracefully shutting down
2025/03/13 19:44:00 [notice] 23#23: exiting
2025/03/13 19:44:00 [notice] 23#23: exit
2025/03/13 19:44:01 [notice] 1#1: signal 17 (SIGCHLD) received from 23
2025/03/13 19:44:01 [notice] 1#1: worker process 20 exited with code 0
2025/03/13 19:44:01 [notice] 1#1: worker process 21 exited with code 0
2025/03/13 19:44:01 [notice] 1#1: worker process 22 exited with code 0
2025/03/13 19:44:01 [notice] 1#1: worker process 23 exited with code 0
2025/03/13 19:44:01 [notice] 1#1: exit
2025/03/15 10:59:01 [notice] 1#1: using the "epoll" event method
2025/03/15 10:59:01 [notice] 1#1: nginx/1.27.3
2025/03/15 10:59:01 [notice] 1#1: built by gcc 12.2.0 (Debian 12.2.0-14) 
2025/03/15 10:59:01 [notice] 1#1: OS: Linux 5.15.0-134-generic
2025/03/15 10:59:01 [notice] 1#1: getrlimit(RLIMIT_NOFILE): 1048576:1048576
2025/03/15 10:59:01 [notice] 1#1: start worker processes
2025/03/15 10:59:01 [notice] 1#1: start worker process 20
2025/03/15 10:59:01 [notice] 1#1: start worker process 21
2025/03/15 10:59:01 [notice] 1#1: start worker process 22
2025/03/15 10:59:01 [notice] 1#1: start worker process 23
